<?xml version="1.0" encoding="UTF-8"?>
<testsuite name="com.jojoldu.book.springboot.domain.PostsRepositoryTest" tests="2" skipped="0" failures="0" errors="0" timestamp="2022-08-14T13:57:55" hostname="LAPTOP-KUNOOOVE" time="0.407">
  <properties/>
  <testcase name="게시글저장_불러오기" classname="com.jojoldu.book.springboot.domain.PostsRepositoryTest" time="0.389"/>
  <testcase name="BaseTimeEntity_등록" classname="com.jojoldu.book.springboot.domain.PostsRepositoryTest" time="0.017"/>
  <system-out><![CDATA[2022-08-14T22:57:44.238+0900 DEBUG SpringJUnit4ClassRunner constructor called with [class com.jojoldu.book.springboot.domain.PostsRepositoryTest]
2022-08-14T22:57:44.238+0900 DEBUG Instantiating CacheAwareContextLoaderDelegate from class [org.springframework.test.context.cache.DefaultCacheAwareContextLoaderDelegate]
2022-08-14T22:57:44.239+0900 DEBUG Instantiating BootstrapContext using constructor [public org.springframework.test.context.support.DefaultBootstrapContext(java.lang.Class,org.springframework.test.context.CacheAwareContextLoaderDelegate)]
2022-08-14T22:57:44.239+0900 DEBUG Instantiating TestContextBootstrapper for test class [com.jojoldu.book.springboot.domain.PostsRepositoryTest] from class [org.springframework.boot.test.context.SpringBootTestContextBootstrapper]
2022-08-14T22:57:44.241+0900 INFO Neither @ContextConfiguration nor @ContextHierarchy found for test class [com.jojoldu.book.springboot.domain.PostsRepositoryTest], using SpringBootContextLoader
2022-08-14T22:57:44.241+0900 DEBUG Did not detect default resource location for test class [com.jojoldu.book.springboot.domain.PostsRepositoryTest]: class path resource [com/jojoldu/book/springboot/domain/PostsRepositoryTest-context.xml] does not exist
2022-08-14T22:57:44.243+0900 DEBUG Did not detect default resource location for test class [com.jojoldu.book.springboot.domain.PostsRepositoryTest]: class path resource [com/jojoldu/book/springboot/domain/PostsRepositoryTestContext.groovy] does not exist
2022-08-14T22:57:44.243+0900 INFO Could not detect default resource locations for test class [com.jojoldu.book.springboot.domain.PostsRepositoryTest]: no resource found for suffixes {-context.xml, Context.groovy}.
2022-08-14T22:57:44.243+0900 INFO Could not detect default configuration classes for test class [com.jojoldu.book.springboot.domain.PostsRepositoryTest]: PostsRepositoryTest does not declare any static, non-private, non-final, nested classes annotated with @Configuration.
2022-08-14T22:57:44.247+0900 DEBUG Could not find an 'annotation declaring class' for annotation type [org.springframework.test.context.ActiveProfiles] and class [com.jojoldu.book.springboot.domain.PostsRepositoryTest]
2022-08-14T22:57:44.261+0900 DEBUG Identified candidate component class: file [C:\Users\kkang\IdeaProjects\freelec-springboot2-webservice\build\classes\java\main\com\jojoldu\book\springboot\Application.class]
2022-08-14T22:57:44.261+0900 INFO Found @SpringBootConfiguration com.jojoldu.book.springboot.Application for test class com.jojoldu.book.springboot.domain.PostsRepositoryTest
2022-08-14T22:57:44.266+0900 DEBUG @TestExecutionListeners is not present for class [com.jojoldu.book.springboot.domain.PostsRepositoryTest]: using defaults.
2022-08-14T22:57:44.266+0900 INFO Loaded default TestExecutionListener class names from location [META-INF/spring.factories]: [org.springframework.security.test.context.support.WithSecurityContextTestExecutionListener, org.springframework.security.test.context.support.ReactorContextTestExecutionListener, org.springframework.boot.test.autoconfigure.restdocs.RestDocsTestExecutionListener, org.springframework.boot.test.autoconfigure.web.client.MockRestServiceServerResetTestExecutionListener, org.springframework.boot.test.autoconfigure.web.servlet.MockMvcPrintOnlyOnFailureTestExecutionListener, org.springframework.boot.test.autoconfigure.web.servlet.WebDriverTestExecutionListener, org.springframework.boot.test.mock.mockito.MockitoTestExecutionListener, org.springframework.boot.test.mock.mockito.ResetMocksTestExecutionListener, org.springframework.test.context.web.ServletTestExecutionListener, org.springframework.test.context.support.DirtiesContextBeforeModesTestExecutionListener, org.springframework.test.context.support.DependencyInjectionTestExecutionListener, org.springframework.test.context.support.DirtiesContextTestExecutionListener, org.springframework.test.context.transaction.TransactionalTestExecutionListener, org.springframework.test.context.jdbc.SqlScriptsTestExecutionListener]
2022-08-14T22:57:44.268+0900 INFO Using TestExecutionListeners: [org.springframework.test.context.web.ServletTestExecutionListener@5d297d4d, org.springframework.test.context.support.DirtiesContextBeforeModesTestExecutionListener@1dd44289, org.springframework.boot.test.mock.mockito.MockitoTestExecutionListener@6cc56b32, org.springframework.boot.test.autoconfigure.SpringBootDependencyInjectionTestExecutionListener@43fe2008, org.springframework.test.context.support.DirtiesContextTestExecutionListener@552bee2f, org.springframework.test.context.transaction.TransactionalTestExecutionListener@6a543e09, org.springframework.test.context.jdbc.SqlScriptsTestExecutionListener@2d0f548a, org.springframework.security.test.context.support.WithSecurityContextTestExecutionListener@1fc3df43, org.springframework.security.test.context.support.ReactorContextTestExecutionListener@15130002, org.springframework.boot.test.autoconfigure.restdocs.RestDocsTestExecutionListener@5e7cd0df, org.springframework.boot.test.autoconfigure.web.client.MockRestServiceServerResetTestExecutionListener@900649e, org.springframework.boot.test.autoconfigure.web.servlet.MockMvcPrintOnlyOnFailureTestExecutionListener@8b89b3a, org.springframework.boot.test.autoconfigure.web.servlet.WebDriverTestExecutionListener@526893f, org.springframework.boot.test.mock.mockito.ResetMocksTestExecutionListener@3de45b6c]
2022-08-14T22:57:44.269+0900 DEBUG Retrieved @ProfileValueSourceConfiguration [null] for test class [com.jojoldu.book.springboot.domain.PostsRepositoryTest]
2022-08-14T22:57:44.269+0900 DEBUG Retrieved ProfileValueSource type [class org.springframework.test.annotation.SystemProfileValueSource] for class [com.jojoldu.book.springboot.domain.PostsRepositoryTest]
2022-08-14T22:57:44.269+0900 DEBUG Retrieved @ProfileValueSourceConfiguration [null] for test class [com.jojoldu.book.springboot.domain.PostsRepositoryTest]
2022-08-14T22:57:44.269+0900 DEBUG Retrieved ProfileValueSource type [class org.springframework.test.annotation.SystemProfileValueSource] for class [com.jojoldu.book.springboot.domain.PostsRepositoryTest]
2022-08-14T22:57:44.270+0900 DEBUG Before test class: context [DefaultTestContext@37caecda testClass = PostsRepositoryTest, testInstance = [null], testMethod = [null], testException = [null], mergedContextConfiguration = [WebMergedContextConfiguration@7be7c052 testClass = PostsRepositoryTest, locations = '{}', classes = '{class com.jojoldu.book.springboot.Application}', contextInitializerClasses = '[]', activeProfiles = '{}', propertySourceLocations = '{}', propertySourceProperties = '{org.springframework.boot.test.context.SpringBootTestContextBootstrapper=true}', contextCustomizers = set[org.springframework.boot.test.autoconfigure.properties.PropertyMappingContextCustomizer@0, org.springframework.boot.test.autoconfigure.web.servlet.WebDriverContextCustomizerFactory$Customizer@27cbfddf, org.springframework.boot.test.context.filter.ExcludeFilterContextCustomizer@4cee7fa0, org.springframework.boot.test.json.DuplicateJsonObjectContextCustomizerFactory$DuplicateJsonObjectContextCustomizer@7180e701, org.springframework.boot.test.mock.mockito.MockitoContextCustomizer@0, org.springframework.boot.test.web.client.TestRestTemplateContextCustomizer@8ef1d58], resourceBasePath = 'src/main/webapp', contextLoader = 'org.springframework.boot.test.context.SpringBootContextLoader', parent = [null]], attributes = map['org.springframework.test.context.web.ServletTestExecutionListener.activateListener' -> true]], class annotated with @DirtiesContext [false] with mode [null].
2022-08-14T22:57:44.270+0900 DEBUG Retrieved @ProfileValueSourceConfiguration [null] for test class [com.jojoldu.book.springboot.domain.PostsRepositoryTest]
2022-08-14T22:57:44.270+0900 DEBUG Retrieved ProfileValueSource type [class org.springframework.test.annotation.SystemProfileValueSource] for class [com.jojoldu.book.springboot.domain.PostsRepositoryTest]
2022-08-14T22:57:44.275+0900 DEBUG Adding inlined properties to environment: {spring.jmx.enabled=false, org.springframework.boot.test.context.SpringBootTestContextBootstrapper=true, server.port=-1}
2022-08-14T22:57:44.299+0900 DEBUG Activating profiles []
2022-08-14T22:57:44.354+0900 DEBUG Activating profiles []
2022-08-14T22:57:44.376+0900 DEBUG Application started with classpath: unknown

  .   ____          _            __ _ _
 /\\ / ___'_ __ _ _(_)_ __  __ _ \ \ \ \
( ( )\___ | '_ | '_| | '_ \/ _` | \ \ \ \
 \\/  ___)| |_)| | | | | || (_| |  ) ) ) )
  '  |____| .__|_| |_|_| |_\__, | / / / /
 =========|_|==============|___/=/_/_/_/
 :: Spring Boot ::        (v2.1.7.RELEASE)

2022-08-14T22:57:44.389+0900 INFO Starting PostsRepositoryTest on LAPTOP-KUNOOOVE with PID 18364 (started by kkang in C:\Users\kkang\IdeaProjects\freelec-springboot2-webservice)
2022-08-14T22:57:44.389+0900 DEBUG Running with Spring Boot v2.1.7.RELEASE, Spring v5.1.9.RELEASE
2022-08-14T22:57:44.390+0900 INFO No active profile set, falling back to default profiles: default
2022-08-14T22:57:44.390+0900 DEBUG Loading source class com.jojoldu.book.springboot.Application
2022-08-14T22:57:44.396+0900 DEBUG Loaded config file 'file:/C:/Users/kkang/IdeaProjects/freelec-springboot2-webservice/build/resources/test/application.properties' (classpath:/application.properties)
2022-08-14T22:57:44.397+0900 DEBUG Refreshing org.springframework.web.context.support.GenericWebApplicationContext@5bbf744b
2022-08-14T22:57:44.398+0900 DEBUG Creating shared instance of singleton bean 'org.springframework.context.annotation.internalConfigurationAnnotationProcessor'
2022-08-14T22:57:44.398+0900 DEBUG Creating shared instance of singleton bean 'org.springframework.boot.autoconfigure.internalCachingMetadataReaderFactory'
2022-08-14T22:57:44.447+0900 DEBUG Identified candidate component class: file [C:\Users\kkang\IdeaProjects\freelec-springboot2-webservice\build\classes\java\main\com\jojoldu\book\springboot\config\JpaConfig.class]
2022-08-14T22:57:44.448+0900 DEBUG Identified candidate component class: file [C:\Users\kkang\IdeaProjects\freelec-springboot2-webservice\build\classes\java\main\com\jojoldu\book\springboot\config\WebConfig.class]
2022-08-14T22:57:44.450+0900 DEBUG Identified candidate component class: file [C:\Users\kkang\IdeaProjects\freelec-springboot2-webservice\build\classes\java\main\com\jojoldu\book\springboot\config\auth\CustomOAuth2UserService.class]
2022-08-14T22:57:44.452+0900 DEBUG Identified candidate component class: file [C:\Users\kkang\IdeaProjects\freelec-springboot2-webservice\build\classes\java\main\com\jojoldu\book\springboot\config\auth\LoginUserArgumentResolver.class]
2022-08-14T22:57:44.454+0900 DEBUG Identified candidate component class: file [C:\Users\kkang\IdeaProjects\freelec-springboot2-webservice\build\classes\java\main\com\jojoldu\book\springboot\config\auth\SecurityConfig.class]
2022-08-14T22:57:44.472+0900 DEBUG Identified candidate component class: file [C:\Users\kkang\IdeaProjects\freelec-springboot2-webservice\build\classes\java\main\com\jojoldu\book\springboot\service\posts\PostsService.class]
2022-08-14T22:57:44.474+0900 DEBUG Identified candidate component class: file [C:\Users\kkang\IdeaProjects\freelec-springboot2-webservice\build\classes\java\main\com\jojoldu\book\springboot\web\HelloController.class]
2022-08-14T22:57:44.476+0900 DEBUG Identified candidate component class: file [C:\Users\kkang\IdeaProjects\freelec-springboot2-webservice\build\classes\java\main\com\jojoldu\book\springboot\web\IndexController.class]
2022-08-14T22:57:44.478+0900 DEBUG Identified candidate component class: file [C:\Users\kkang\IdeaProjects\freelec-springboot2-webservice\build\classes\java\main\com\jojoldu\book\springboot\web\PostsApiController.class]
2022-08-14T22:57:44.840+0900 DEBUG Found key 'spring.jmx.enabled' in PropertySource 'configurationProperties' with value of type String
2022-08-14T22:57:45.000+0900 DEBUG Found key 'spring.jmx.enabled' in PropertySource 'configurationProperties' with value of type String
2022-08-14T22:57:45.115+0900 DEBUG Found key 'spring.h2.console.enabled' in PropertySource 'configurationProperties' with value of type String
2022-08-14T22:57:45.286+0900 DEBUG Creating shared instance of singleton bean 'org.springframework.boot.autoconfigure.condition.BeanTypeRegistry'
2022-08-14T22:57:45.454+0900 INFO Bootstrapping Spring Data repositories in DEFAULT mode.
2022-08-14T22:57:45.473+0900 DEBUG Creating shared instance of singleton bean 'org.springframework.boot.autoconfigure.AutoConfigurationPackages'
2022-08-14T22:57:45.475+0900 DEBUG @EnableAutoConfiguration was declared on a class in the package 'com.jojoldu.book.springboot'. Automatic @Repository and @Entity scanning is enabled.
2022-08-14T22:57:45.475+0900 DEBUG Scanning for repositories in packages com.jojoldu.book.springboot.
2022-08-14T22:57:45.520+0900 DEBUG Identified candidate component class: file [C:\Users\kkang\IdeaProjects\freelec-springboot2-webservice\build\classes\java\main\com\jojoldu\book\springboot\domain\posts\PostsRepository.class]
2022-08-14T22:57:45.521+0900 DEBUG Identified candidate component class: file [C:\Users\kkang\IdeaProjects\freelec-springboot2-webservice\build\classes\java\main\com\jojoldu\book\springboot\domain\user\UserRepository.class]
2022-08-14T22:57:45.624+0900 INFO Finished Spring Data repository scanning in 148ms. Found 2 repository interfaces.
2022-08-14T22:57:45.634+0900 DEBUG Found key 'spring.h2.console.enabled' in PropertySource 'configurationProperties' with value of type String
2022-08-14T22:57:45.889+0900 DEBUG Creating shared instance of singleton bean 'propertySourcesPlaceholderConfigurer'
2022-08-14T22:57:45.907+0900 DEBUG Creating shared instance of singleton bean 'org.springframework.boot.test.mock.mockito.MockitoPostProcessor'
2022-08-14T22:57:45.908+0900 DEBUG Creating shared instance of singleton bean 'emBeanDefinitionRegistrarPostProcessor'
2022-08-14T22:57:45.941+0900 DEBUG Creating shared instance of singleton bean 'org.springframework.context.event.internalEventListenerProcessor'
2022-08-14T22:57:45.941+0900 DEBUG Creating shared instance of singleton bean 'org.springframework.data.jpa.domain.support.AuditingBeanFactoryPostProcessor'
2022-08-14T22:57:45.942+0900 DEBUG Creating shared instance of singleton bean 'org.springframework.boot.context.properties.ConfigurationBeanFactoryMetadata'
2022-08-14T22:57:45.942+0900 DEBUG Creating shared instance of singleton bean 'preserveErrorControllerTargetClassPostProcessor'
2022-08-14T22:57:45.942+0900 DEBUG Creating shared instance of singleton bean 'org.springframework.boot.devtools.autoconfigure.DevToolsDataSourceAutoConfiguration$DatabaseShutdownExecutorJpaDependencyConfiguration'
2022-08-14T22:57:45.946+0900 DEBUG Creating shared instance of singleton bean 'org.springframework.context.event.internalEventListenerFactory'
2022-08-14T22:57:45.946+0900 DEBUG Creating shared instance of singleton bean 'org.springframework.transaction.config.internalTransactionalEventListenerFactory'
2022-08-14T22:57:45.951+0900 DEBUG Creating shared instance of singleton bean 'org.springframework.boot.test.mock.mockito.MockitoPostProcessor$SpyPostProcessor'
2022-08-14T22:57:45.952+0900 DEBUG Creating shared instance of singleton bean 'org.springframework.context.annotation.internalAutowiredAnnotationProcessor'
2022-08-14T22:57:45.954+0900 DEBUG Creating shared instance of singleton bean 'org.springframework.context.annotation.internalCommonAnnotationProcessor'
2022-08-14T22:57:45.955+0900 DEBUG Creating shared instance of singleton bean 'org.springframework.context.annotation.internalPersistenceAnnotationProcessor'
2022-08-14T22:57:45.955+0900 DEBUG Creating shared instance of singleton bean 'org.springframework.boot.context.properties.ConfigurationPropertiesBindingPostProcessor'
2022-08-14T22:57:45.957+0900 DEBUG Creating shared instance of singleton bean 'methodValidationPostProcessor'
2022-08-14T22:57:45.959+0900 DEBUG Autowiring by type from bean name 'methodValidationPostProcessor' via factory method to bean named 'environment'
2022-08-14T22:57:45.980+0900 DEBUG Creating shared instance of singleton bean 'org.springframework.aop.config.internalAutoProxyCreator'
2022-08-14T22:57:46.061+0900 DEBUG Creating shared instance of singleton bean 'dataSourceInitializerPostProcessor'
2022-08-14T22:57:46.071+0900 DEBUG Creating shared instance of singleton bean 'persistenceExceptionTranslationPostProcessor'
2022-08-14T22:57:46.072+0900 DEBUG Autowiring by type from bean name 'persistenceExceptionTranslationPostProcessor' via factory method to bean named 'environment'
2022-08-14T22:57:46.102+0900 DEBUG Creating shared instance of singleton bean 'org.springframework.context.annotation.internalScheduledAnnotationProcessor'
2022-08-14T22:57:46.102+0900 DEBUG Creating shared instance of singleton bean 'org.springframework.scheduling.annotation.SchedulingConfiguration'
2022-08-14T22:57:46.151+0900 DEBUG Creating shared instance of singleton bean 'webServerFactoryCustomizerBeanPostProcessor'
2022-08-14T22:57:46.157+0900 DEBUG Creating shared instance of singleton bean 'errorPageRegistrarBeanPostProcessor'
2022-08-14T22:57:46.162+0900 DEBUG Creating shared instance of singleton bean 'dataSourceInitializedPublisher'
2022-08-14T22:57:46.168+0900 DEBUG Creating shared instance of singleton bean 'projectingArgumentResolverBeanPostProcessor'
2022-08-14T22:57:46.168+0900 DEBUG Creating shared instance of singleton bean 'org.springframework.transaction.config.internalTransactionAdvisor'
2022-08-14T22:57:46.169+0900 DEBUG Creating shared instance of singleton bean 'org.springframework.transaction.annotation.ProxyTransactionManagementConfiguration'
2022-08-14T22:57:46.190+0900 INFO Bean 'org.springframework.transaction.annotation.ProxyTransactionManagementConfiguration' of type [org.springframework.transaction.annotation.ProxyTransactionManagementConfiguration$$EnhancerBySpringCGLIB$$181732a] is not eligible for getting processed by all BeanPostProcessors (for example: not eligible for auto-proxying)
2022-08-14T22:57:46.200+0900 DEBUG Creating shared instance of singleton bean 'transactionAttributeSource'
2022-08-14T22:57:46.205+0900 DEBUG Creating shared instance of singleton bean 'transactionInterceptor'
2022-08-14T22:57:46.248+0900 DEBUG Unable to locate ThemeSource with name 'themeSource': using default [org.springframework.ui.context.support.ResourceBundleThemeSource@414d2821]
2022-08-14T22:57:46.251+0900 DEBUG Creating shared instance of singleton bean 'org.springframework.context.config.internalBeanConfigurerAspect'
2022-08-14T22:57:46.269+0900 DEBUG Creating shared instance of singleton bean 'inMemoryDatabaseShutdownExecutor'
2022-08-14T22:57:46.269+0900 DEBUG Creating shared instance of singleton bean 'org.springframework.boot.devtools.autoconfigure.DevToolsDataSourceAutoConfiguration'
2022-08-14T22:57:46.278+0900 DEBUG Creating shared instance of singleton bean 'dataSource'
2022-08-14T22:57:46.278+0900 DEBUG Creating shared instance of singleton bean 'org.springframework.boot.autoconfigure.jdbc.DataSourceConfiguration$Hikari'
2022-08-14T22:57:46.287+0900 DEBUG Creating shared instance of singleton bean 'spring.datasource-org.springframework.boot.autoconfigure.jdbc.DataSourceProperties'
2022-08-14T22:57:46.310+0900 DEBUG Autowiring by type from bean name 'dataSource' via factory method to bean named 'spring.datasource-org.springframework.boot.autoconfigure.jdbc.DataSourceProperties'
2022-08-14T22:57:46.334+0900 DEBUG Driver class org.h2.Driver found in Thread context class loader jdk.internal.loader.ClassLoaders$AppClassLoader@6659c656
2022-08-14T22:57:46.352+0900 DEBUG Creating shared instance of singleton bean 'org.springframework.boot.autoconfigure.jdbc.DataSourceInitializerInvoker'
2022-08-14T22:57:46.356+0900 DEBUG Autowiring by type from bean name 'org.springframework.boot.autoconfigure.jdbc.DataSourceInitializerInvoker' via constructor to bean named 'spring.datasource-org.springframework.boot.autoconfigure.jdbc.DataSourceProperties'
2022-08-14T22:57:46.356+0900 DEBUG Autowiring by type from bean name 'org.springframework.boot.autoconfigure.jdbc.DataSourceInitializerInvoker' via constructor to bean named 'org.springframework.web.context.support.GenericWebApplicationContext@5bbf744b'
2022-08-14T22:57:46.369+0900 DEBUG Autowiring by type from bean name 'inMemoryDatabaseShutdownExecutor' via factory method to bean named 'dataSource'
2022-08-14T22:57:46.369+0900 DEBUG Autowiring by type from bean name 'inMemoryDatabaseShutdownExecutor' via factory method to bean named 'spring.datasource-org.springframework.boot.autoconfigure.jdbc.DataSourceProperties'
2022-08-14T22:57:46.375+0900 DEBUG Creating shared instance of singleton bean 'entityManagerFactory'
2022-08-14T22:57:46.375+0900 DEBUG Creating shared instance of singleton bean 'org.springframework.boot.autoconfigure.orm.jpa.HibernateJpaConfiguration'
2022-08-14T22:57:46.377+0900 DEBUG Cannot find '.class' file for class [class org.springframework.boot.autoconfigure.orm.jpa.HibernateJpaConfiguration$$EnhancerBySpringCGLIB$$20583599] - unable to determine constructor/method parameter names
2022-08-14T22:57:46.379+0900 DEBUG Creating shared instance of singleton bean 'spring.jpa-org.springframework.boot.autoconfigure.orm.jpa.JpaProperties'
2022-08-14T22:57:46.388+0900 DEBUG Creating shared instance of singleton bean 'spring.jpa.hibernate-org.springframework.boot.autoconfigure.orm.jpa.HibernateProperties'
2022-08-14T22:57:46.396+0900 DEBUG Autowiring by type from bean name 'org.springframework.boot.autoconfigure.orm.jpa.HibernateJpaConfiguration' via constructor to bean named 'dataSource'
2022-08-14T22:57:46.396+0900 DEBUG Autowiring by type from bean name 'org.springframework.boot.autoconfigure.orm.jpa.HibernateJpaConfiguration' via constructor to bean named 'spring.jpa-org.springframework.boot.autoconfigure.orm.jpa.JpaProperties'
2022-08-14T22:57:46.396+0900 DEBUG Autowiring by type from bean name 'org.springframework.boot.autoconfigure.orm.jpa.HibernateJpaConfiguration' via constructor to bean named 'org.springframework.beans.factory.support.DefaultListableBeanFactory@120d6cbf'
2022-08-14T22:57:46.396+0900 DEBUG Autowiring by type from bean name 'org.springframework.boot.autoconfigure.orm.jpa.HibernateJpaConfiguration' via constructor to bean named 'spring.jpa.hibernate-org.springframework.boot.autoconfigure.orm.jpa.HibernateProperties'
2022-08-14T22:57:46.400+0900 DEBUG Creating shared instance of singleton bean 'platformTransactionManagerCustomizers'
2022-08-14T22:57:46.400+0900 DEBUG Creating shared instance of singleton bean 'org.springframework.boot.autoconfigure.transaction.TransactionAutoConfiguration'
2022-08-14T22:57:46.415+0900 DEBUG Creating shared instance of singleton bean 'spring.transaction-org.springframework.boot.autoconfigure.transaction.TransactionProperties'
2022-08-14T22:57:46.428+0900 DEBUG Creating shared instance of singleton bean 'hikariPoolDataSourceMetadataProvider'
2022-08-14T22:57:46.428+0900 DEBUG Creating shared instance of singleton bean 'org.springframework.boot.autoconfigure.jdbc.metadata.DataSourcePoolMetadataProvidersConfiguration$HikariPoolDataSourceMetadataProviderConfiguration'
2022-08-14T22:57:46.466+0900 DEBUG Creating shared instance of singleton bean 'entityManagerFactoryBuilder'
2022-08-14T22:57:46.468+0900 DEBUG Creating shared instance of singleton bean 'jpaVendorAdapter'
2022-08-14T22:57:46.570+0900 DEBUG Fetching JDBC Connection from DataSource
2022-08-14T22:57:46.572+0900 DEBUG HikariPool-1 - configuration:
2022-08-14T22:57:46.579+0900 DEBUG allowPoolSuspension.............false
2022-08-14T22:57:46.579+0900 DEBUG autoCommit......................true
2022-08-14T22:57:46.579+0900 DEBUG catalog.........................none
2022-08-14T22:57:46.579+0900 DEBUG connectionInitSql...............none
2022-08-14T22:57:46.580+0900 DEBUG connectionTestQuery.............none
2022-08-14T22:57:46.580+0900 DEBUG connectionTimeout...............30000
2022-08-14T22:57:46.580+0900 DEBUG dataSource......................none
2022-08-14T22:57:46.580+0900 DEBUG dataSourceClassName.............none
2022-08-14T22:57:46.580+0900 DEBUG dataSourceJNDI..................none
2022-08-14T22:57:46.581+0900 DEBUG dataSourceProperties............{password=<masked>}
2022-08-14T22:57:46.581+0900 DEBUG driverClassName................."org.h2.Driver"
2022-08-14T22:57:46.581+0900 DEBUG healthCheckProperties...........{}
2022-08-14T22:57:46.581+0900 DEBUG healthCheckRegistry.............none
2022-08-14T22:57:46.581+0900 DEBUG idleTimeout.....................600000
2022-08-14T22:57:46.581+0900 DEBUG initializationFailTimeout.......1
2022-08-14T22:57:46.582+0900 DEBUG isolateInternalQueries..........false
2022-08-14T22:57:46.582+0900 DEBUG jdbcUrl.........................jdbc:h2:mem:testdb
2022-08-14T22:57:46.582+0900 DEBUG leakDetectionThreshold..........0
2022-08-14T22:57:46.582+0900 DEBUG maxLifetime.....................1800000
2022-08-14T22:57:46.582+0900 DEBUG maximumPoolSize.................10
2022-08-14T22:57:46.582+0900 DEBUG metricRegistry..................none
2022-08-14T22:57:46.582+0900 DEBUG metricsTrackerFactory...........none
2022-08-14T22:57:46.583+0900 DEBUG minimumIdle.....................10
2022-08-14T22:57:46.583+0900 DEBUG password........................<masked>
2022-08-14T22:57:46.583+0900 DEBUG poolName........................"HikariPool-1"
2022-08-14T22:57:46.583+0900 DEBUG readOnly........................false
2022-08-14T22:57:46.583+0900 DEBUG registerMbeans..................false
2022-08-14T22:57:46.583+0900 DEBUG scheduledExecutor...............none
2022-08-14T22:57:46.583+0900 DEBUG schema..........................none
2022-08-14T22:57:46.583+0900 DEBUG threadFactory...................internal
2022-08-14T22:57:46.583+0900 DEBUG transactionIsolation............default
2022-08-14T22:57:46.583+0900 DEBUG username........................"sa"
2022-08-14T22:57:46.584+0900 DEBUG validationTimeout...............5000
2022-08-14T22:57:46.584+0900 INFO HikariPool-1 - Starting...
2022-08-14T22:57:47.444+0900 DEBUG HikariPool-1 - Added connection conn0: url=jdbc:h2:mem:testdb user=SA
2022-08-14T22:57:47.447+0900 INFO HikariPool-1 - Start completed.
2022-08-14T22:57:47.475+0900 DEBUG Autowiring by type from bean name 'entityManagerFactoryBuilder' via factory method to bean named 'jpaVendorAdapter'
2022-08-14T22:57:47.483+0900 DEBUG Autowiring by type from bean name 'entityManagerFactory' via factory method to bean named 'entityManagerFactoryBuilder'
2022-08-14T22:57:47.510+0900 DEBUG Fetching JDBC Connection from DataSource
2022-08-14T22:57:47.561+0900 DEBUG HikariPool-1 - Pool stats (total=1, active=0, idle=1, waiting=0)
2022-08-14T22:57:47.564+0900 DEBUG HikariPool-1 - Added connection conn1: url=jdbc:h2:mem:testdb user=SA
2022-08-14T22:57:47.564+0900 DEBUG HikariPool-1 - Added connection conn2: url=jdbc:h2:mem:testdb user=SA
2022-08-14T22:57:47.565+0900 DEBUG HikariPool-1 - Added connection conn3: url=jdbc:h2:mem:testdb user=SA
2022-08-14T22:57:47.566+0900 DEBUG HikariPool-1 - Added connection conn4: url=jdbc:h2:mem:testdb user=SA
2022-08-14T22:57:47.567+0900 DEBUG HikariPool-1 - Added connection conn5: url=jdbc:h2:mem:testdb user=SA
2022-08-14T22:57:47.567+0900 DEBUG HikariPool-1 - Added connection conn6: url=jdbc:h2:mem:testdb user=SA
2022-08-14T22:57:47.568+0900 DEBUG HikariPool-1 - Added connection conn7: url=jdbc:h2:mem:testdb user=SA
2022-08-14T22:57:47.568+0900 DEBUG HikariPool-1 - Added connection conn8: url=jdbc:h2:mem:testdb user=SA
2022-08-14T22:57:47.569+0900 DEBUG HikariPool-1 - Added connection conn9: url=jdbc:h2:mem:testdb user=SA
2022-08-14T22:57:47.569+0900 DEBUG HikariPool-1 - After adding stats (total=10, active=0, idle=10, waiting=0)
2022-08-14T22:57:47.630+0900 DEBUG Building JPA container EntityManagerFactory for persistence unit 'default'
2022-08-14T22:57:47.677+0900 DEBUG PersistenceUnitInfo [
	name: default
	persistence provider classname: null
	classloader: jdk.internal.loader.ClassLoaders$AppClassLoader@6659c656
	excludeUnlistedClasses: true
	JTA datasource: null
	Non JTA datasource: HikariDataSource (HikariPool-1)
	Transaction type: RESOURCE_LOCAL
	PU root URL: file:/C:/Users/kkang/IdeaProjects/freelec-springboot2-webservice/build/classes/java/test/
	Shared Cache Mode: UNSPECIFIED
	Validation Mode: AUTO
	Jar files URLs []
	Managed classes names [
		com.jojoldu.book.springboot.domain.BaseTimeEntity
		com.jojoldu.book.springboot.domain.posts.Posts
		com.jojoldu.book.springboot.domain.user.User]
	Mapping files names []
	Properties []
2022-08-14T22:57:47.714+0900 DEBUG Adding Integrator [org.hibernate.cfg.beanvalidation.BeanValidationIntegrator].
2022-08-14T22:57:47.720+0900 DEBUG Adding Integrator [org.hibernate.secure.spi.JaccIntegrator].
2022-08-14T22:57:47.725+0900 DEBUG Adding Integrator [org.hibernate.cache.internal.CollectionCacheInvalidator].
2022-08-14T22:57:47.923+0900 INFO HHH000412: Hibernate Core {5.3.10.Final}
2022-08-14T22:57:47.927+0900 INFO HHH000206: hibernate.properties not found
2022-08-14T22:57:47.980+0900 DEBUG Overriding existing service binding [org.hibernate.secure.spi.JaccService]
2022-08-14T22:57:48.042+0900 DEBUG Cannot default RegionFactory based on registered strategies as `[]` RegionFactory strategies were registered
2022-08-14T22:57:48.045+0900 DEBUG Cache region factory : org.hibernate.cache.internal.NoCachingRegionFactory
2022-08-14T22:57:48.089+0900 INFO HCANN000001: Hibernate Commons Annotations {5.0.4.Final}
2022-08-14T22:57:48.308+0900 DEBUG Adding type registration boolean -> org.hibernate.type.BooleanType@517d9cd5
2022-08-14T22:57:48.309+0900 DEBUG Adding type registration boolean -> org.hibernate.type.BooleanType@517d9cd5
2022-08-14T22:57:48.310+0900 DEBUG Adding type registration java.lang.Boolean -> org.hibernate.type.BooleanType@517d9cd5
2022-08-14T22:57:48.312+0900 DEBUG Adding type registration numeric_boolean -> org.hibernate.type.NumericBooleanType@78e7b83
2022-08-14T22:57:48.314+0900 DEBUG Adding type registration true_false -> org.hibernate.type.TrueFalseType@74e175c7
2022-08-14T22:57:48.316+0900 DEBUG Adding type registration yes_no -> org.hibernate.type.YesNoType@71135794
2022-08-14T22:57:48.320+0900 DEBUG Adding type registration byte -> org.hibernate.type.ByteType@639cb0c8
2022-08-14T22:57:48.320+0900 DEBUG Adding type registration byte -> org.hibernate.type.ByteType@639cb0c8
2022-08-14T22:57:48.320+0900 DEBUG Adding type registration java.lang.Byte -> org.hibernate.type.ByteType@639cb0c8
2022-08-14T22:57:48.324+0900 DEBUG Adding type registration character -> org.hibernate.type.CharacterType@3e24bab6
2022-08-14T22:57:48.324+0900 DEBUG Adding type registration char -> org.hibernate.type.CharacterType@3e24bab6
2022-08-14T22:57:48.325+0900 DEBUG Adding type registration java.lang.Character -> org.hibernate.type.CharacterType@3e24bab6
2022-08-14T22:57:48.329+0900 DEBUG Adding type registration short -> org.hibernate.type.ShortType@4add4dff
2022-08-14T22:57:48.329+0900 DEBUG Adding type registration short -> org.hibernate.type.ShortType@4add4dff
2022-08-14T22:57:48.329+0900 DEBUG Adding type registration java.lang.Short -> org.hibernate.type.ShortType@4add4dff
2022-08-14T22:57:48.333+0900 DEBUG Adding type registration integer -> org.hibernate.type.IntegerType@288b8663
2022-08-14T22:57:48.333+0900 DEBUG Adding type registration int -> org.hibernate.type.IntegerType@288b8663
2022-08-14T22:57:48.334+0900 DEBUG Adding type registration java.lang.Integer -> org.hibernate.type.IntegerType@288b8663
2022-08-14T22:57:48.338+0900 DEBUG Adding type registration long -> org.hibernate.type.LongType@2fccd98f
2022-08-14T22:57:48.338+0900 DEBUG Adding type registration long -> org.hibernate.type.LongType@2fccd98f
2022-08-14T22:57:48.338+0900 DEBUG Adding type registration java.lang.Long -> org.hibernate.type.LongType@2fccd98f
2022-08-14T22:57:48.341+0900 DEBUG Adding type registration float -> org.hibernate.type.FloatType@261099e1
2022-08-14T22:57:48.342+0900 DEBUG Adding type registration float -> org.hibernate.type.FloatType@261099e1
2022-08-14T22:57:48.342+0900 DEBUG Adding type registration java.lang.Float -> org.hibernate.type.FloatType@261099e1
2022-08-14T22:57:48.345+0900 DEBUG Adding type registration double -> org.hibernate.type.DoubleType@299dd381
2022-08-14T22:57:48.345+0900 DEBUG Adding type registration double -> org.hibernate.type.DoubleType@299dd381
2022-08-14T22:57:48.345+0900 DEBUG Adding type registration java.lang.Double -> org.hibernate.type.DoubleType@299dd381
2022-08-14T22:57:48.348+0900 DEBUG Adding type registration big_decimal -> org.hibernate.type.BigDecimalType@64f613da
2022-08-14T22:57:48.349+0900 DEBUG Adding type registration java.math.BigDecimal -> org.hibernate.type.BigDecimalType@64f613da
2022-08-14T22:57:48.352+0900 DEBUG Adding type registration big_integer -> org.hibernate.type.BigIntegerType@5543d800
2022-08-14T22:57:48.353+0900 DEBUG Adding type registration java.math.BigInteger -> org.hibernate.type.BigIntegerType@5543d800
2022-08-14T22:57:48.357+0900 DEBUG Adding type registration string -> org.hibernate.type.StringType@5d01a2eb
2022-08-14T22:57:48.357+0900 DEBUG Adding type registration java.lang.String -> org.hibernate.type.StringType@5d01a2eb
2022-08-14T22:57:48.360+0900 DEBUG Adding type registration nstring -> org.hibernate.type.StringNVarcharType@13f7c165
2022-08-14T22:57:48.362+0900 DEBUG Adding type registration ncharacter -> org.hibernate.type.CharacterNCharType@7a2fd94c
2022-08-14T22:57:48.366+0900 DEBUG Adding type registration url -> org.hibernate.type.UrlType@618e7761
2022-08-14T22:57:48.366+0900 DEBUG Adding type registration java.net.URL -> org.hibernate.type.UrlType@618e7761
2022-08-14T22:57:48.369+0900 DEBUG Adding type registration Duration -> org.hibernate.type.DurationType@73230721
2022-08-14T22:57:48.369+0900 DEBUG Adding type registration java.time.Duration -> org.hibernate.type.DurationType@73230721
2022-08-14T22:57:48.373+0900 DEBUG Adding type registration Instant -> org.hibernate.type.InstantType@7730da00
2022-08-14T22:57:48.373+0900 DEBUG Adding type registration java.time.Instant -> org.hibernate.type.InstantType@7730da00
2022-08-14T22:57:48.378+0900 DEBUG Adding type registration LocalDateTime -> org.hibernate.type.LocalDateTimeType@4ed19540
2022-08-14T22:57:48.381+0900 DEBUG Adding type registration java.time.LocalDateTime -> org.hibernate.type.LocalDateTimeType@4ed19540
2022-08-14T22:57:48.386+0900 DEBUG Adding type registration LocalDate -> org.hibernate.type.LocalDateType@2c6efee3
2022-08-14T22:57:48.387+0900 DEBUG Adding type registration java.time.LocalDate -> org.hibernate.type.LocalDateType@2c6efee3
2022-08-14T22:57:48.392+0900 DEBUG Adding type registration LocalTime -> org.hibernate.type.LocalTimeType@2202c92f
2022-08-14T22:57:48.392+0900 DEBUG Adding type registration java.time.LocalTime -> org.hibernate.type.LocalTimeType@2202c92f
2022-08-14T22:57:48.398+0900 DEBUG Adding type registration OffsetDateTime -> org.hibernate.type.OffsetDateTimeType@18301763
2022-08-14T22:57:48.398+0900 DEBUG Adding type registration java.time.OffsetDateTime -> org.hibernate.type.OffsetDateTimeType@18301763
2022-08-14T22:57:48.402+0900 DEBUG Adding type registration OffsetTime -> org.hibernate.type.OffsetTimeType@448fa659
2022-08-14T22:57:48.403+0900 DEBUG Adding type registration java.time.OffsetTime -> org.hibernate.type.OffsetTimeType@448fa659
2022-08-14T22:57:48.407+0900 DEBUG Adding type registration ZonedDateTime -> org.hibernate.type.ZonedDateTimeType@1e4a4ed5
2022-08-14T22:57:48.408+0900 DEBUG Adding type registration java.time.ZonedDateTime -> org.hibernate.type.ZonedDateTimeType@1e4a4ed5
2022-08-14T22:57:48.412+0900 DEBUG Adding type registration date -> org.hibernate.type.DateType@61f08aa9
2022-08-14T22:57:48.413+0900 DEBUG Adding type registration java.sql.Date -> org.hibernate.type.DateType@61f08aa9
2022-08-14T22:57:48.421+0900 DEBUG Adding type registration time -> org.hibernate.type.TimeType@3407ded1
2022-08-14T22:57:48.422+0900 DEBUG Adding type registration java.sql.Time -> org.hibernate.type.TimeType@3407ded1
2022-08-14T22:57:48.426+0900 DEBUG Adding type registration timestamp -> org.hibernate.type.TimestampType@736f2fb8
2022-08-14T22:57:48.427+0900 DEBUG Adding type registration java.sql.Timestamp -> org.hibernate.type.TimestampType@736f2fb8
2022-08-14T22:57:48.427+0900 DEBUG Adding type registration java.util.Date -> org.hibernate.type.TimestampType@736f2fb8
2022-08-14T22:57:48.432+0900 DEBUG Adding type registration dbtimestamp -> org.hibernate.type.DbTimestampType@3fc051ce
2022-08-14T22:57:48.436+0900 DEBUG Adding type registration calendar -> org.hibernate.type.CalendarType@2175d53f
2022-08-14T22:57:48.436+0900 DEBUG Adding type registration java.util.Calendar -> org.hibernate.type.CalendarType@2175d53f
2022-08-14T22:57:48.436+0900 DEBUG Adding type registration java.util.GregorianCalendar -> org.hibernate.type.CalendarType@2175d53f
2022-08-14T22:57:48.438+0900 DEBUG Adding type registration calendar_date -> org.hibernate.type.CalendarDateType@72406594
2022-08-14T22:57:48.443+0900 DEBUG Adding type registration locale -> org.hibernate.type.LocaleType@5a010eec
2022-08-14T22:57:48.443+0900 DEBUG Adding type registration java.util.Locale -> org.hibernate.type.LocaleType@5a010eec
2022-08-14T22:57:48.447+0900 DEBUG Adding type registration currency -> org.hibernate.type.CurrencyType@69fe8c75
2022-08-14T22:57:48.447+0900 DEBUG Adding type registration java.util.Currency -> org.hibernate.type.CurrencyType@69fe8c75
2022-08-14T22:57:48.452+0900 DEBUG Adding type registration timezone -> org.hibernate.type.TimeZoneType@4c0ab04f
2022-08-14T22:57:48.452+0900 DEBUG Adding type registration java.util.TimeZone -> org.hibernate.type.TimeZoneType@4c0ab04f
2022-08-14T22:57:48.455+0900 DEBUG Adding type registration class -> org.hibernate.type.ClassType@267b678f
2022-08-14T22:57:48.456+0900 DEBUG Adding type registration java.lang.Class -> org.hibernate.type.ClassType@267b678f
2022-08-14T22:57:48.459+0900 DEBUG Adding type registration uuid-binary -> org.hibernate.type.UUIDBinaryType@630e5010
2022-08-14T22:57:48.459+0900 DEBUG Adding type registration java.util.UUID -> org.hibernate.type.UUIDBinaryType@630e5010
2022-08-14T22:57:48.461+0900 DEBUG Adding type registration uuid-char -> org.hibernate.type.UUIDCharType@3331800f
2022-08-14T22:57:48.466+0900 DEBUG Adding type registration binary -> org.hibernate.type.BinaryType@48f2d51d
2022-08-14T22:57:48.467+0900 DEBUG Adding type registration byte[] -> org.hibernate.type.BinaryType@48f2d51d
2022-08-14T22:57:48.467+0900 DEBUG Adding type registration [B -> org.hibernate.type.BinaryType@48f2d51d
2022-08-14T22:57:48.470+0900 DEBUG Adding type registration wrapper-binary -> org.hibernate.type.WrapperBinaryType@73905dff
2022-08-14T22:57:48.471+0900 DEBUG Adding type registration Byte[] -> org.hibernate.type.WrapperBinaryType@73905dff
2022-08-14T22:57:48.471+0900 DEBUG Adding type registration [Ljava.lang.Byte; -> org.hibernate.type.WrapperBinaryType@73905dff
2022-08-14T22:57:48.475+0900 DEBUG Adding type registration row_version -> org.hibernate.type.RowVersionType@50b2ba2c
2022-08-14T22:57:48.477+0900 DEBUG Adding type registration image -> org.hibernate.type.ImageType@5d373794
2022-08-14T22:57:48.483+0900 DEBUG Adding type registration characters -> org.hibernate.type.CharArrayType@41f5389f
2022-08-14T22:57:48.484+0900 DEBUG Adding type registration char[] -> org.hibernate.type.CharArrayType@41f5389f
2022-08-14T22:57:48.484+0900 DEBUG Adding type registration [C -> org.hibernate.type.CharArrayType@41f5389f
2022-08-14T22:57:48.488+0900 DEBUG Adding type registration wrapper-characters -> org.hibernate.type.CharacterArrayType@f13e0a2
2022-08-14T22:57:48.488+0900 DEBUG Adding type registration [Ljava.lang.Character; -> org.hibernate.type.CharacterArrayType@f13e0a2
2022-08-14T22:57:48.488+0900 DEBUG Adding type registration Character[] -> org.hibernate.type.CharacterArrayType@f13e0a2
2022-08-14T22:57:48.491+0900 DEBUG Adding type registration text -> org.hibernate.type.TextType@5ef7ae2f
2022-08-14T22:57:48.492+0900 DEBUG Adding type registration ntext -> org.hibernate.type.NTextType@2c86b0ea
2022-08-14T22:57:48.498+0900 DEBUG Adding type registration blob -> org.hibernate.type.BlobType@30b97fcf
2022-08-14T22:57:48.498+0900 DEBUG Adding type registration java.sql.Blob -> org.hibernate.type.BlobType@30b97fcf
2022-08-14T22:57:48.500+0900 DEBUG Adding type registration materialized_blob -> org.hibernate.type.MaterializedBlobType@9fd3b61
2022-08-14T22:57:48.506+0900 DEBUG Adding type registration clob -> org.hibernate.type.ClobType@2c51c756
2022-08-14T22:57:48.506+0900 DEBUG Adding type registration java.sql.Clob -> org.hibernate.type.ClobType@2c51c756
2022-08-14T22:57:48.510+0900 DEBUG Adding type registration nclob -> org.hibernate.type.NClobType@45964b9e
2022-08-14T22:57:48.511+0900 DEBUG Adding type registration java.sql.NClob -> org.hibernate.type.NClobType@45964b9e
2022-08-14T22:57:48.513+0900 DEBUG Adding type registration materialized_clob -> org.hibernate.type.MaterializedClobType@443b6765
2022-08-14T22:57:48.515+0900 DEBUG Adding type registration materialized_nclob -> org.hibernate.type.MaterializedNClobType@53f1fcc2
2022-08-14T22:57:48.519+0900 DEBUG Adding type registration serializable -> org.hibernate.type.SerializableType@796613b7
2022-08-14T22:57:48.530+0900 DEBUG Adding type registration object -> org.hibernate.type.ObjectType@ad585fb
2022-08-14T22:57:48.530+0900 DEBUG Adding type registration java.lang.Object -> org.hibernate.type.ObjectType@ad585fb
2022-08-14T22:57:48.532+0900 DEBUG Adding type registration imm_date -> org.hibernate.type.AdaptedImmutableType@4d4bac56
2022-08-14T22:57:48.532+0900 DEBUG Adding type registration imm_time -> org.hibernate.type.AdaptedImmutableType@76980c75
2022-08-14T22:57:48.532+0900 DEBUG Adding type registration imm_timestamp -> org.hibernate.type.AdaptedImmutableType@3696d12d
2022-08-14T22:57:48.532+0900 DEBUG Adding type registration imm_dbtimestamp -> org.hibernate.type.AdaptedImmutableType@656672fb
2022-08-14T22:57:48.532+0900 DEBUG Adding type registration imm_calendar -> org.hibernate.type.AdaptedImmutableType@75df4b1d
2022-08-14T22:57:48.532+0900 DEBUG Adding type registration imm_calendar_date -> org.hibernate.type.AdaptedImmutableType@43120a77
2022-08-14T22:57:48.532+0900 DEBUG Adding type registration imm_binary -> org.hibernate.type.AdaptedImmutableType@430db481
2022-08-14T22:57:48.532+0900 DEBUG Adding type registration imm_serializable -> org.hibernate.type.AdaptedImmutableType@15aaf7b1
2022-08-14T22:57:48.568+0900 DEBUG Injecting JPA temp ClassLoader [org.springframework.instrument.classloading.SimpleThrowawayClassLoader@53f94afe] into BootstrapContext; was [null]
2022-08-14T22:57:48.568+0900 DEBUG ClassLoaderAccessImpl#injectTempClassLoader(org.springframework.instrument.classloading.SimpleThrowawayClassLoader@53f94afe) [was null]
2022-08-14T22:57:48.569+0900 DEBUG Injecting ScanEnvironment [org.hibernate.jpa.boot.internal.StandardJpaScanEnvironmentImpl@2059c3ff] into BootstrapContext; was [null]
2022-08-14T22:57:48.570+0900 DEBUG Injecting ScanOptions [org.hibernate.boot.archive.scan.internal.StandardScanOptions@2f8ab988] into BootstrapContext; was [org.hibernate.boot.archive.scan.internal.StandardScanOptions@46c475ba]
2022-08-14T22:57:48.717+0900 DEBUG Injecting JPA temp ClassLoader [null] into BootstrapContext; was [org.springframework.instrument.classloading.SimpleThrowawayClassLoader@53f94afe]
2022-08-14T22:57:48.717+0900 DEBUG ClassLoaderAccessImpl#injectTempClassLoader(null) [was org.springframework.instrument.classloading.SimpleThrowawayClassLoader@53f94afe]
2022-08-14T22:57:48.750+0900 DEBUG Registering IdentifierGenerator strategy [uuid2] -> [org.hibernate.id.UUIDGenerator]
2022-08-14T22:57:48.751+0900 DEBUG Registering IdentifierGenerator strategy [guid] -> [org.hibernate.id.GUIDGenerator]
2022-08-14T22:57:48.754+0900 DEBUG Registering IdentifierGenerator strategy [uuid] -> [org.hibernate.id.UUIDHexGenerator]
2022-08-14T22:57:48.754+0900 DEBUG Registering IdentifierGenerator strategy [uuid.hex] -> [org.hibernate.id.UUIDHexGenerator]
2022-08-14T22:57:48.755+0900 DEBUG Registering IdentifierGenerator strategy [assigned] -> [org.hibernate.id.Assigned]
2022-08-14T22:57:48.759+0900 DEBUG Registering IdentifierGenerator strategy [identity] -> [org.hibernate.id.IdentityGenerator]
2022-08-14T22:57:48.760+0900 DEBUG Registering IdentifierGenerator strategy [select] -> [org.hibernate.id.SelectGenerator]
2022-08-14T22:57:48.763+0900 DEBUG Registering IdentifierGenerator strategy [sequence] -> [org.hibernate.id.enhanced.SequenceStyleGenerator]
2022-08-14T22:57:48.765+0900 DEBUG Registering IdentifierGenerator strategy [seqhilo] -> [org.hibernate.id.SequenceHiLoGenerator]
2022-08-14T22:57:48.766+0900 DEBUG Registering IdentifierGenerator strategy [increment] -> [org.hibernate.id.IncrementGenerator]
2022-08-14T22:57:48.767+0900 DEBUG Registering IdentifierGenerator strategy [foreign] -> [org.hibernate.id.ForeignGenerator]
2022-08-14T22:57:48.768+0900 DEBUG Registering IdentifierGenerator strategy [sequence-identity] -> [org.hibernate.id.SequenceIdentityGenerator]
2022-08-14T22:57:48.768+0900 DEBUG Registering IdentifierGenerator strategy [enhanced-sequence] -> [org.hibernate.id.enhanced.SequenceStyleGenerator]
2022-08-14T22:57:48.770+0900 DEBUG Registering IdentifierGenerator strategy [enhanced-table] -> [org.hibernate.id.enhanced.TableGenerator]
2022-08-14T22:57:48.787+0900 DEBUG Database ->
       name : H2
    version : 1.4.199 (2019-03-13)
      major : 1
      minor : 4
2022-08-14T22:57:48.788+0900 DEBUG Driver ->
       name : H2 JDBC Driver
    version : 1.4.199 (2019-03-13)
      major : 1
      minor : 4
2022-08-14T22:57:48.788+0900 DEBUG JDBC version : 4.1
2022-08-14T22:57:48.826+0900 INFO HHH000400: Using dialect: org.hibernate.dialect.MySQL5InnoDBDialect
2022-08-14T22:57:48.971+0900 DEBUG JDBC driver metadata reported database stores quoted identifiers in neither upper, lower nor mixed case
2022-08-14T22:57:49.013+0900 DEBUG Created database namespace [logicalName=Name{catalog=null, schema=null}, physicalName=Name{catalog=null, schema=null}]
2022-08-14T22:57:49.027+0900 DEBUG Scoping TypeConfiguration [org.hibernate.type.spi.TypeConfiguration@10f384a2] to MetadataBuildingContext [org.hibernate.boot.internal.MetadataBuildingContextRootImpl@57fae911]
2022-08-14T22:57:49.265+0900 DEBUG Binding entity from annotated class: com.jojoldu.book.springboot.domain.posts.Posts
2022-08-14T22:57:49.322+0900 DEBUG Binding column: Ejb3DiscriminatorColumn{logicalColumnName'DTYPE', discriminatorTypeName='string'}
2022-08-14T22:57:49.363+0900 DEBUG Import with entity name Posts
2022-08-14T22:57:49.383+0900 DEBUG Bind entity com.jojoldu.book.springboot.domain.posts.Posts on table posts
2022-08-14T22:57:49.498+0900 DEBUG Binding column: Ejb3Column{table=org.hibernate.mapping.Table(posts), mappingColumn=id, insertable=true, updatable=true, unique=false}
2022-08-14T22:57:49.518+0900 DEBUG MetadataSourceProcessor property id with lazy=false
2022-08-14T22:57:49.524+0900 DEBUG Attempting to locate auto-apply AttributeConverter for property [com.jojoldu.book.springboot.domain.posts.Posts:id]
2022-08-14T22:57:49.535+0900 DEBUG building SimpleValue for id
2022-08-14T22:57:49.701+0900 DEBUG Building property id
2022-08-14T22:57:49.786+0900 DEBUG #makeIdGenerator(org.hibernate.mapping.SimpleValue([org.hibernate.mapping.Column(id)]), id, identity, , ...)
2022-08-14T22:57:49.788+0900 DEBUG Binding column: Ejb3Column{table=org.hibernate.mapping.Table(posts), mappingColumn=created_date, insertable=true, updatable=true, unique=false}
2022-08-14T22:57:49.788+0900 DEBUG MetadataSourceProcessor property createdDate with lazy=false
2022-08-14T22:57:49.788+0900 DEBUG Attempting to locate auto-apply AttributeConverter for property [com.jojoldu.book.springboot.domain.posts.Posts:createdDate]
2022-08-14T22:57:49.788+0900 DEBUG building SimpleValue for createdDate
2022-08-14T22:57:49.789+0900 DEBUG Building property createdDate
2022-08-14T22:57:49.789+0900 DEBUG Binding column: Ejb3Column{table=org.hibernate.mapping.Table(posts), mappingColumn=modified_date, insertable=true, updatable=true, unique=false}
2022-08-14T22:57:49.789+0900 DEBUG MetadataSourceProcessor property modifiedDate with lazy=false
2022-08-14T22:57:49.789+0900 DEBUG Attempting to locate auto-apply AttributeConverter for property [com.jojoldu.book.springboot.domain.posts.Posts:modifiedDate]
2022-08-14T22:57:49.789+0900 DEBUG building SimpleValue for modifiedDate
2022-08-14T22:57:49.789+0900 DEBUG Building property modifiedDate
2022-08-14T22:57:49.790+0900 DEBUG Binding column: Ejb3Column{table=org.hibernate.mapping.Table(posts), mappingColumn=author, insertable=true, updatable=true, unique=false}
2022-08-14T22:57:49.790+0900 DEBUG MetadataSourceProcessor property author with lazy=false
2022-08-14T22:57:49.790+0900 DEBUG Attempting to locate auto-apply AttributeConverter for property [com.jojoldu.book.springboot.domain.posts.Posts:author]
2022-08-14T22:57:49.790+0900 DEBUG building SimpleValue for author
2022-08-14T22:57:49.790+0900 DEBUG Building property author
2022-08-14T22:57:49.790+0900 DEBUG Binding column: Ejb3Column{table=org.hibernate.mapping.Table(posts), mappingColumn=content, insertable=true, updatable=true, unique=false}
2022-08-14T22:57:49.790+0900 DEBUG MetadataSourceProcessor property content with lazy=false
2022-08-14T22:57:49.790+0900 DEBUG Attempting to locate auto-apply AttributeConverter for property [com.jojoldu.book.springboot.domain.posts.Posts:content]
2022-08-14T22:57:49.791+0900 DEBUG building SimpleValue for content
2022-08-14T22:57:49.791+0900 DEBUG Building property content
2022-08-14T22:57:49.791+0900 DEBUG Binding column: Ejb3Column{table=org.hibernate.mapping.Table(posts), mappingColumn=title, insertable=true, updatable=true, unique=false}
2022-08-14T22:57:49.791+0900 DEBUG MetadataSourceProcessor property title with lazy=false
2022-08-14T22:57:49.791+0900 DEBUG Attempting to locate auto-apply AttributeConverter for property [com.jojoldu.book.springboot.domain.posts.Posts:title]
2022-08-14T22:57:49.791+0900 DEBUG building SimpleValue for title
2022-08-14T22:57:49.791+0900 DEBUG Building property title
2022-08-14T22:57:49.796+0900 DEBUG Binding entity from annotated class: com.jojoldu.book.springboot.domain.user.User
2022-08-14T22:57:49.797+0900 DEBUG Binding column: Ejb3DiscriminatorColumn{logicalColumnName'DTYPE', discriminatorTypeName='string'}
2022-08-14T22:57:49.797+0900 DEBUG Import with entity name User
2022-08-14T22:57:49.797+0900 DEBUG Bind entity com.jojoldu.book.springboot.domain.user.User on table user
2022-08-14T22:57:49.806+0900 DEBUG Binding column: Ejb3Column{table=org.hibernate.mapping.Table(user), mappingColumn=id, insertable=true, updatable=true, unique=false}
2022-08-14T22:57:49.806+0900 DEBUG MetadataSourceProcessor property id with lazy=false
2022-08-14T22:57:49.806+0900 DEBUG Attempting to locate auto-apply AttributeConverter for property [com.jojoldu.book.springboot.domain.user.User:id]
2022-08-14T22:57:49.807+0900 DEBUG building SimpleValue for id
2022-08-14T22:57:49.807+0900 DEBUG Building property id
2022-08-14T22:57:49.807+0900 DEBUG #makeIdGenerator(org.hibernate.mapping.SimpleValue([org.hibernate.mapping.Column(id)]), id, identity, , ...)
2022-08-14T22:57:49.807+0900 DEBUG Binding column: Ejb3Column{table=org.hibernate.mapping.Table(user), mappingColumn=created_date, insertable=true, updatable=true, unique=false}
2022-08-14T22:57:49.807+0900 DEBUG MetadataSourceProcessor property createdDate with lazy=false
2022-08-14T22:57:49.807+0900 DEBUG Attempting to locate auto-apply AttributeConverter for property [com.jojoldu.book.springboot.domain.user.User:createdDate]
2022-08-14T22:57:49.807+0900 DEBUG building SimpleValue for createdDate
2022-08-14T22:57:49.807+0900 DEBUG Building property createdDate
2022-08-14T22:57:49.808+0900 DEBUG Binding column: Ejb3Column{table=org.hibernate.mapping.Table(user), mappingColumn=modified_date, insertable=true, updatable=true, unique=false}
2022-08-14T22:57:49.808+0900 DEBUG MetadataSourceProcessor property modifiedDate with lazy=false
2022-08-14T22:57:49.808+0900 DEBUG Attempting to locate auto-apply AttributeConverter for property [com.jojoldu.book.springboot.domain.user.User:modifiedDate]
2022-08-14T22:57:49.808+0900 DEBUG building SimpleValue for modifiedDate
2022-08-14T22:57:49.808+0900 DEBUG Building property modifiedDate
2022-08-14T22:57:49.808+0900 DEBUG Binding column: Ejb3Column{table=org.hibernate.mapping.Table(user), mappingColumn=email, insertable=true, updatable=true, unique=false}
2022-08-14T22:57:49.808+0900 DEBUG MetadataSourceProcessor property email with lazy=false
2022-08-14T22:57:49.808+0900 DEBUG Attempting to locate auto-apply AttributeConverter for property [com.jojoldu.book.springboot.domain.user.User:email]
2022-08-14T22:57:49.808+0900 DEBUG building SimpleValue for email
2022-08-14T22:57:49.808+0900 DEBUG Building property email
2022-08-14T22:57:49.808+0900 DEBUG Binding column: Ejb3Column{table=org.hibernate.mapping.Table(user), mappingColumn=name, insertable=true, updatable=true, unique=false}
2022-08-14T22:57:49.808+0900 DEBUG MetadataSourceProcessor property name with lazy=false
2022-08-14T22:57:49.808+0900 DEBUG Attempting to locate auto-apply AttributeConverter for property [com.jojoldu.book.springboot.domain.user.User:name]
2022-08-14T22:57:49.809+0900 DEBUG building SimpleValue for name
2022-08-14T22:57:49.809+0900 DEBUG Building property name
2022-08-14T22:57:49.809+0900 DEBUG Binding column: Ejb3Column{table=org.hibernate.mapping.Table(user), mappingColumn=picture, insertable=true, updatable=true, unique=false}
2022-08-14T22:57:49.809+0900 DEBUG MetadataSourceProcessor property picture with lazy=false
2022-08-14T22:57:49.809+0900 DEBUG Attempting to locate auto-apply AttributeConverter for property [com.jojoldu.book.springboot.domain.user.User:picture]
2022-08-14T22:57:49.809+0900 DEBUG building SimpleValue for picture
2022-08-14T22:57:49.809+0900 DEBUG Building property picture
2022-08-14T22:57:49.809+0900 DEBUG Binding column: Ejb3Column{table=org.hibernate.mapping.Table(user), mappingColumn=role, insertable=true, updatable=true, unique=false}
2022-08-14T22:57:49.809+0900 DEBUG MetadataSourceProcessor property role with lazy=false
2022-08-14T22:57:49.809+0900 DEBUG Attempting to locate auto-apply AttributeConverter for property [com.jojoldu.book.springboot.domain.user.User:role]
2022-08-14T22:57:49.847+0900 DEBUG building SimpleValue for role
2022-08-14T22:57:49.848+0900 DEBUG Building property role
2022-08-14T22:57:49.854+0900 DEBUG Starting fillSimpleValue for id
2022-08-14T22:57:49.855+0900 DEBUG Starting fillSimpleValue for createdDate
2022-08-14T22:57:49.855+0900 DEBUG Starting fillSimpleValue for modifiedDate
2022-08-14T22:57:49.855+0900 DEBUG Starting fillSimpleValue for author
2022-08-14T22:57:49.855+0900 DEBUG Starting fillSimpleValue for content
2022-08-14T22:57:49.855+0900 DEBUG Starting fillSimpleValue for title
2022-08-14T22:57:49.856+0900 DEBUG Starting fillSimpleValue for id
2022-08-14T22:57:49.856+0900 DEBUG Starting fillSimpleValue for createdDate
2022-08-14T22:57:49.856+0900 DEBUG Starting fillSimpleValue for modifiedDate
2022-08-14T22:57:49.856+0900 DEBUG Starting fillSimpleValue for email
2022-08-14T22:57:49.856+0900 DEBUG Starting fillSimpleValue for name
2022-08-14T22:57:49.856+0900 DEBUG Starting fillSimpleValue for picture
2022-08-14T22:57:49.856+0900 DEBUG Starting fillSimpleValue for role
2022-08-14T22:57:49.862+0900 DEBUG Forcing column [id] to be non-null as it is part of the primary key for table [posts]
2022-08-14T22:57:49.862+0900 DEBUG Forcing column [id] to be non-null as it is part of the primary key for table [user]
2022-08-14T22:57:50.103+0900 DEBUG Using NAMED-based conversion for Enum com.jojoldu.book.springboot.domain.user.Role
2022-08-14T22:57:50.162+0900 DEBUG Building session factory
2022-08-14T22:57:50.168+0900 DEBUG SessionFactory name : null
2022-08-14T22:57:50.168+0900 DEBUG Automatic flush during beforeCompletion(): enabled
2022-08-14T22:57:50.168+0900 DEBUG Automatic session close at end of transaction: disabled
2022-08-14T22:57:50.168+0900 DEBUG Statistics: disabled
2022-08-14T22:57:50.168+0900 DEBUG Deleted entity synthetic identifier rollback: disabled
2022-08-14T22:57:50.168+0900 DEBUG Default entity-mode: pojo
2022-08-14T22:57:50.168+0900 DEBUG Check Nullability in Core (should be disabled when Bean Validation is on): enabled
2022-08-14T22:57:50.168+0900 DEBUG Allow initialization of lazy state outside session : disabled
2022-08-14T22:57:50.169+0900 DEBUG Using BatchFetchStyle : LEGACY
2022-08-14T22:57:50.169+0900 DEBUG Default batch fetch size: -1
2022-08-14T22:57:50.169+0900 DEBUG Maximum outer join fetch depth: 2
2022-08-14T22:57:50.169+0900 DEBUG Default null ordering: NONE
2022-08-14T22:57:50.169+0900 DEBUG Order SQL updates by primary key: disabled
2022-08-14T22:57:50.169+0900 DEBUG Order SQL inserts for batching: disabled
2022-08-14T22:57:50.169+0900 DEBUG multi-tenancy strategy : NONE
2022-08-14T22:57:50.169+0900 DEBUG JTA Track by Thread: enabled
2022-08-14T22:57:50.169+0900 DEBUG Query language substitutions: {}
2022-08-14T22:57:50.169+0900 DEBUG Named query checking : enabled
2022-08-14T22:57:50.169+0900 DEBUG Second-level cache: disabled
2022-08-14T22:57:50.169+0900 DEBUG Second-level query cache: disabled
2022-08-14T22:57:50.169+0900 DEBUG Second-level query cache factory: null
2022-08-14T22:57:50.169+0900 DEBUG Second-level cache region prefix: null
2022-08-14T22:57:50.169+0900 DEBUG Optimize second-level cache for minimal puts: disabled
2022-08-14T22:57:50.169+0900 DEBUG Structured second-level cache entries: disabled
2022-08-14T22:57:50.169+0900 DEBUG Second-level cache direct-reference entries: disabled
2022-08-14T22:57:50.169+0900 DEBUG Automatic eviction of collection cache: disabled
2022-08-14T22:57:50.169+0900 DEBUG JDBC batch size: 15
2022-08-14T22:57:50.170+0900 DEBUG JDBC batch updates for versioned data: enabled
2022-08-14T22:57:50.170+0900 DEBUG Scrollable result sets: enabled
2022-08-14T22:57:50.170+0900 DEBUG Wrap result sets: disabled
2022-08-14T22:57:50.170+0900 DEBUG JDBC3 getGeneratedKeys(): enabled
2022-08-14T22:57:50.170+0900 DEBUG JDBC result set fetch size: null
2022-08-14T22:57:50.170+0900 DEBUG Connection release mode: ON_CLOSE
2022-08-14T22:57:50.170+0900 DEBUG Generate SQL with comments: disabled
2022-08-14T22:57:50.170+0900 DEBUG JPA compliance - query : 
2022-08-14T22:57:50.170+0900 DEBUG JPA compliance - closed-handling : 
2022-08-14T22:57:50.170+0900 DEBUG JPA compliance - lists : 
2022-08-14T22:57:50.170+0900 DEBUG JPA compliance - transactions : 
2022-08-14T22:57:50.526+0900 DEBUG Adding touchForUpdate as PreUpdate callback for entity com.jojoldu.book.springboot.domain.posts.Posts
2022-08-14T22:57:50.526+0900 DEBUG Adding touchForCreate as PrePersist callback for entity com.jojoldu.book.springboot.domain.posts.Posts
2022-08-14T22:57:50.527+0900 DEBUG Adding touchForUpdate as PreUpdate callback for entity com.jojoldu.book.springboot.domain.user.User
2022-08-14T22:57:50.527+0900 DEBUG Adding touchForCreate as PrePersist callback for entity com.jojoldu.book.springboot.domain.user.User
2022-08-14T22:57:50.528+0900 DEBUG Using NAMED-based conversion for Enum com.jojoldu.book.springboot.domain.user.Role
2022-08-14T22:57:50.624+0900 DEBUG Session factory constructed with filter configurations : {}
2022-08-14T22:57:50.624+0900 DEBUG Instantiating session factory with properties: {sun.desktop=windows, awt.toolkit=sun.awt.windows.WToolkit, hibernate.id.new_generator_mappings=true, java.specification.version=11, sun.cpu.isalist=amd64, hibernate.resource.beans.container=org.springframework.orm.hibernate5.SpringBeanContainer@11a0c708, hibernate.connection.handling_mode=DELAYED_ACQUISITION_AND_HOLD, sun.jnu.encoding=MS949, hibernate.dialect=org.hibernate.dialect.MySQL5InnoDBDialect, org.gradle.test.worker=10, hibernate.implicit_naming_strategy=org.springframework.boot.orm.jpa.hibernate.SpringImplicitNamingStrategy, java.class.path=C:\\Users\\kkang\\.gradle\\caches\\7.4\\workerMain\\gradle-worker.jar;C:\\Users\\kkang\\IdeaProjects\\freelec-springboot2-webservice\\build\\classes\\java\\test;C:\\Users\\kkang\\IdeaProjects\\freelec-springboot2-webservice\\build\\resources\\test;C:\\Users\\kkang\\IdeaProjects\\freelec-springboot2-webservice\\build\\classes\\java\\main;C:\\Users\\kkang\\IdeaProjects\\freelec-springboot2-webservice\\build\\resources\\main;C:\\Users\\kkang\\.gradle\\caches\\modules-2\\files-2.1\\org.springframework.boot\\spring-boot-starter-web\\2.1.7.RELEASE\\fa43baf40bde3ecdb93ac9c545dd39f82ab29c35\\spring-boot-starter-web-2.1.7.RELEASE.jar;C:\\Users\\kkang\\.gradle\\caches\\modules-2\\files-2.1\\org.springframework.boot\\spring-boot-starter-data-jpa\\2.1.7.RELEASE\\5e4a5d5442f32f5e12b36674a620ec57b0b66c6e\\spring-boot-starter-data-jpa-2.1.7.RELEASE.jar;C:\\Users\\kkang\\.gradle\\caches\\modules-2\\files-2.1\\com.h2database\\h2\\1.4.199\\7bf08152984ed8859740ae3f97fae6c72771ae45\\h2-1.4.199.jar;C:\\Users\\kkang\\.gradle\\caches\\modules-2\\files-2.1\\org.springframework.boot\\spring-boot-starter-mustache\\2.1.7.RELEASE\\c52b1725d81a61eac91af3196a65c17adef75357\\spring-boot-starter-mustache-2.1.7.RELEASE.jar;C:\\Users\\kkang\\.gradle\\caches\\modules-2\\files-2.1\\org.springframework.boot\\spring-boot-starter-oauth2-client\\2.1.7.RELEASE\\aeaf63334bed877edd0b3ee999159532aad676fe\\spring-boot-starter-oauth2-client-2.1.7.RELEASE.jar;C:\\Users\\kkang\\.gradle\\caches\\modules-2\\files-2.1\\org.springframework.boot\\spring-boot-starter-log4j2\\2.1.7.RELEASE\\1cef16c6610c22c6863cfd7564f4a0435c75c3cc\\spring-boot-starter-log4j2-2.1.7.RELEASE.jar;C:\\Users\\kkang\\.gradle\\caches\\modules-2\\files-2.1\\org.springframework.session\\spring-session-jdbc\\2.1.8.RELEASE\\3dfd472ad79246046db57a068bf7cd3e986c8ef9\\spring-session-jdbc-2.1.8.RELEASE.jar;C:\\Users\\kkang\\.gradle\\caches\\modules-2\\files-2.1\\org.springframework.boot\\spring-boot-devtools\\2.1.7.RELEASE\\5a846c6e9ab67a4cbf7c4f22bc13bcab188198f9\\spring-boot-devtools-2.1.7.RELEASE.jar;C:\\Users\\kkang\\.gradle\\caches\\modules-2\\files-2.1\\org.springframework.boot\\spring-boot-starter-test\\2.1.7.RELEASE\\39e82379a28c217ab892eb00ef601dc0571f56a4\\spring-boot-starter-test-2.1.7.RELEASE.jar;C:\\Users\\kkang\\.gradle\\caches\\modules-2\\files-2.1\\org.springframework.security\\spring-security-test\\5.1.6.RELEASE\\21f7f82f753dea9f64c3e6438b82dc3dad508ef7\\spring-security-test-5.1.6.RELEASE.jar;C:\\Users\\kkang\\.gradle\\caches\\modules-2\\files-2.1\\org.springframework.boot\\spring-boot-starter-json\\2.1.7.RELEASE\\9c12f046a7c4ae110d89163a491ad0d7cf036e79\\spring-boot-starter-json-2.1.7.RELEASE.jar;C:\\Users\\kkang\\.gradle\\caches\\modules-2\\files-2.1\\org.springframework.boot\\spring-boot-starter-aop\\2.1.7.RELEASE\\4577d056af1f823bb7730c99f43c3268dd697310\\spring-boot-starter-aop-2.1.7.RELEASE.jar;C:\\Users\\kkang\\.gradle\\caches\\modules-2\\files-2.1\\org.springframework.boot\\spring-boot-starter-jdbc\\2.1.7.RELEASE\\3ea97a134b44a886ff529215e7bec04bfd93fa5b\\spring-boot-starter-jdbc-2.1.7.RELEASE.jar;C:\\Users\\kkang\\.gradle\\caches\\modules-2\\files-2.1\\org.springframework.boot\\spring-boot-starter\\2.1.7.RELEASE\\e23f4e9460e0e2220b444e40fc7fd6e95f66e0fe\\spring-boot-starter-2.1.7.RELEASE.jar;C:\\Users\\kkang\\.gradle\\caches\\modules-2\\files-2.1\\org.springframework.boot\\spring-boot-starter-tomcat\\2.1.7.RELEASE\\11f2a86aefefba72a4efe5ff18f4165a4b4e78b\\spring-boot-starter-tomcat-2.1.7.RELEASE.jar;C:\\Users\\kkang\\.gradle\\caches\\modules-2\\files-2.1\\org.hibernate.validator\\hibernate-validator\\6.0.17.Final\\af73055fc4a103ab347c56e7da5a143d68a0170\\hibernate-validator-6.0.17.Final.jar;C:\\Users\\kkang\\.gradle\\caches\\modules-2\\files-2.1\\org.springframework\\spring-webmvc\\5.1.9.RELEASE\\b9d4a2140488f0e6f9aa231e7938ae18da77b637\\spring-webmvc-5.1.9.RELEASE.jar;C:\\Users\\kkang\\.gradle\\caches\\modules-2\\files-2.1\\org.springframework.security\\spring-security-oauth2-client\\5.1.6.RELEASE\\8a77b659f7f6616ca5970796c04106595819f4eb\\spring-security-oauth2-client-5.1.6.RELEASE.jar;C:\\Users\\kkang\\.gradle\\caches\\modules-2\\files-2.1\\org.springframework.security\\spring-security-web\\5.1.6.RELEASE\\e3b159e84467cccddce815d30a9ccdc8d8b843c9\\spring-security-web-5.1.6.RELEASE.jar;C:\\Users\\kkang\\.gradle\\caches\\modules-2\\files-2.1\\org.springframework.security\\spring-security-oauth2-jose\\5.1.6.RELEASE\\78f947f9b1ee235f7efbb697e15acd05e16d009a\\spring-security-oauth2-jose-5.1.6.RELEASE.jar;C:\\Users\\kkang\\.gradle\\caches\\modules-2\\files-2.1\\org.springframework.security\\spring-security-oauth2-core\\5.1.6.RELEASE\\f3b2623760154aac86d32427696842c7c3d85326\\spring-security-oauth2-core-5.1.6.RELEASE.jar;C:\\Users\\kkang\\.gradle\\caches\\modules-2\\files-2.1\\org.springframework\\spring-web\\5.1.9.RELEASE\\9fe4390420fdd0b63dc4ed90d9027dafa9f74f80\\spring-web-5.1.9.RELEASE.jar;C:\\Users\\kkang\\.gradle\\caches\\modules-2\\files-2.1\\javax.transaction\\javax.transaction-api\\1.3\\e006adf5cf3cca2181d16bd640ecb80148ec0fce\\javax.transaction-api-1.3.jar;C:\\Users\\kkang\\.gradle\\caches\\modules-2\\files-2.1\\javax.xml.bind\\jaxb-api\\2.3.1\\8531ad5ac454cc2deb9d4d32c40c4d7451939b5d\\jaxb-api-2.3.1.jar;C:\\Users\\kkang\\.gradle\\caches\\modules-2\\files-2.1\\org.hibernate\\hibernate-core\\5.3.10.Final\\e608b854325005edbf43cb2b6041fdafd3f2eb57\\hibernate-core-5.3.10.Final.jar;C:\\Users\\kkang\\.gradle\\caches\\modules-2\\files-2.1\\org.springframework.data\\spring-data-jpa\\2.1.10.RELEASE\\12639406aa28c3a5195a1a4c9077fe562f54bc31\\spring-data-jpa-2.1.10.RELEASE.jar;C:\\Users\\kkang\\.gradle\\caches\\modules-2\\files-2.1\\org.springframework\\spring-aspects\\5.1.9.RELEASE\\a8aec853c345ed54a99627cee9f755ce7dbb734\\spring-aspects-5.1.9.RELEASE.jar;C:\\Users\\kkang\\.gradle\\caches\\modules-2\\files-2.1\\com.samskivert\\jmustache\\1.14\\495441daa241e5f48d555597fffa2b1dfc8c60d1\\jmustache-1.14.jar;C:\\Users\\kkang\\.gradle\\caches\\modules-2\\files-2.1\\org.springframework.security\\spring-security-config\\5.1.6.RELEASE\\11b96e5836074db01920e5452996b2ad2cd3d772\\spring-security-config-5.1.6.RELEASE.jar;C:\\Users\\kkang\\.gradle\\caches\\modules-2\\files-2.1\\org.springframework.security\\spring-security-core\\5.1.6.RELEASE\\86af52bc544976358b66b4617d6edd81824940bd\\spring-security-core-5.1.6.RELEASE.jar;C:\\Users\\kkang\\.gradle\\caches\\modules-2\\files-2.1\\org.apache.logging.log4j\\log4j-slf4j-impl\\2.11.2\\4d44e4edc4a7fb39f09b95b09f560a15976fa1ba\\log4j-slf4j-impl-2.11.2.jar;C:\\Users\\kkang\\.gradle\\caches\\modules-2\\files-2.1\\org.apache.logging.log4j\\log4j-core\\2.11.2\\6c2fb3f5b7cd27504726aef1b674b542a0c9cf53\\log4j-core-2.11.2.jar;C:\\Users\\kkang\\.gradle\\caches\\modules-2\\files-2.1\\org.apache.logging.log4j\\log4j-jul\\2.11.2\\194e36a54b0c292aad6fab90340ab45002fd8ad\\log4j-jul-2.11.2.jar;C:\\Users\\kkang\\.gradle\\caches\\modules-2\\files-2.1\\org.slf4j\\jul-to-slf4j\\1.7.26\\8031352b2bb0a49e67818bf04c027aa92e645d5c\\jul-to-slf4j-1.7.26.jar;C:\\Users\\kkang\\.gradle\\caches\\modules-2\\files-2.1\\org.springframework.session\\spring-session-core\\2.1.8.RELEASE\\2fe4df49293b18373c1050649192ff444be65f6\\spring-session-core-2.1.8.RELEASE.jar;C:\\Users\\kkang\\.gradle\\caches\\modules-2\\files-2.1\\org.springframework.boot\\spring-boot-test-autoconfigure\\2.1.7.RELEASE\\8c9847259e14419d2bcc4eed26bcf48dc56686ef\\spring-boot-test-autoconfigure-2.1.7.RELEASE.jar;C:\\Users\\kkang\\.gradle\\caches\\modules-2\\files-2.1\\org.springframework.boot\\spring-boot-autoconfigure\\2.1.7.RELEASE\\2c9d3e2c6ea3cb435e99e2973009636b62a9d816\\spring-boot-autoconfigure-2.1.7.RELEASE.jar;C:\\Users\\kkang\\.gradle\\caches\\modules-2\\files-2.1\\org.springframework.boot\\spring-boot-test\\2.1.7.RELEASE\\70ed88830a08e8baa0b562090168fdba0e92810\\spring-boot-test-2.1.7.RELEASE.jar;C:\\Users\\kkang\\.gradle\\caches\\modules-2\\files-2.1\\org.springframework.boot\\spring-boot\\2.1.7.RELEASE\\1599a2ad1fc6d36dbfc2a7c0dd5dab3a0bb27c61\\spring-boot-2.1.7.RELEASE.jar;C:\\Users\\kkang\\.gradle\\caches\\modules-2\\files-2.1\\org.springframework\\spring-context\\5.1.9.RELEASE\\c37f8fe15a5ae4ea1f351bd46167fd492a84eefa\\spring-context-5.1.9.RELEASE.jar;C:\\Users\\kkang\\.gradle\\caches\\modules-2\\files-2.1\\org.springframework\\spring-orm\\5.1.9.RELEASE\\220169d217f7114706141fc0afba425a5b368dce\\spring-orm-5.1.9.RELEASE.jar;C:\\Users\\kkang\\.gradle\\caches\\modules-2\\files-2.1\\org.springframework\\spring-jdbc\\5.1.9.RELEASE\\3fd70356ba8d7c00c4081c1a207766352624414e\\spring-jdbc-5.1.9.RELEASE.jar;C:\\Users\\kkang\\.gradle\\caches\\modules-2\\files-2.1\\com.jayway.jsonpath\\json-path\\2.4.0\\765a4401ceb2dc8d40553c2075eb80a8fa35c2ae\\json-path-2.4.0.jar;C:\\Users\\kkang\\.gradle\\caches\\modules-2\\files-2.1\\junit\\junit\\4.12\\2973d150c0dc1fefe998f834810d68f278ea58ec\\junit-4.12.jar;C:\\Users\\kkang\\.gradle\\caches\\modules-2\\files-2.1\\org.assertj\\assertj-core\\3.11.1\\fdac3217b804d6900fa3650f17b5cb48e620b140\\assertj-core-3.11.1.jar;C:\\Users\\kkang\\.gradle\\caches\\modules-2\\files-2.1\\org.mockito\\mockito-core\\2.23.4\\a35b6f8ffcfa786771eac7d7d903429e790fdf3f\\mockito-core-2.23.4.jar;C:\\Users\\kkang\\.gradle\\caches\\modules-2\\files-2.1\\org.hamcrest\\hamcrest-library\\1.3\\4785a3c21320980282f9f33d0d1264a69040538f\\hamcrest-library-1.3.jar;C:\\Users\\kkang\\.gradle\\caches\\modules-2\\files-2.1\\org.hamcrest\\hamcrest-core\\1.3\\42a25dc3219429f0e5d060061f71acb49bf010a0\\hamcrest-core-1.3.jar;C:\\Users\\kkang\\.gradle\\caches\\modules-2\\files-2.1\\org.skyscreamer\\jsonassert\\1.5.0\\6c9d5fe2f59da598d9aefc1cfc6528ff3cf32df3\\jsonassert-1.5.0.jar;C:\\Users\\kkang\\.gradle\\caches\\modules-2\\files-2.1\\org.springframework\\spring-test\\5.1.9.RELEASE\\653fa9de816677b3318e7058af54e7ee56866b09\\spring-test-5.1.9.RELEASE.jar;C:\\Users\\kkang\\.gradle\\caches\\modules-2\\files-2.1\\org.springframework\\spring-aop\\5.1.9.RELEASE\\bc2312ffad02251b9d472e4a7c0e472a58f50fbf\\spring-aop-5.1.9.RELEASE.jar;C:\\Users\\kkang\\.gradle\\caches\\modules-2\\files-2.1\\org.springframework.data\\spring-data-commons\\2.1.10.RELEASE\\c73a76070181b59b19df6893e1ca729263a69b47\\spring-data-commons-2.1.10.RELEASE.jar;C:\\Users\\kkang\\.gradle\\caches\\modules-2\\files-2.1\\org.springframework\\spring-tx\\5.1.9.RELEASE\\a9125e2c8eeb193030f3972c6293616943c55ef2\\spring-tx-5.1.9.RELEASE.jar;C:\\Users\\kkang\\.gradle\\caches\\modules-2\\files-2.1\\org.springframework\\spring-beans\\5.1.9.RELEASE\\5a03b3983108d73978aec2fa3e681aedad6782c\\spring-beans-5.1.9.RELEASE.jar;C:\\Users\\kkang\\.gradle\\caches\\modules-2\\files-2.1\\org.springframework\\spring-expression\\5.1.9.RELEASE\\db3a2468c1b7d697ec3b3ec6e5652dc282994fe3\\spring-expression-5.1.9.RELEASE.jar;C:\\Users\\kkang\\.gradle\\caches\\modules-2\\files-2.1\\org.springframework\\spring-core\\5.1.9.RELEASE\\dc3815439579b4fa0c19970e6b8e5d774af8d988\\spring-core-5.1.9.RELEASE.jar;C:\\Users\\kkang\\.gradle\\caches\\modules-2\\files-2.1\\org.xmlunit\\xmlunit-core\\2.6.3\\cdb208320aed4a7b94fb236cfbf91aeb6d0ede14\\xmlunit-core-2.6.3.jar;C:\\Users\\kkang\\.gradle\\caches\\modules-2\\files-2.1\\javax.annotation\\javax.annotation-api\\1.3.2\\934c04d3cfef185a8008e7bf34331b79730a9d43\\javax.annotation-api-1.3.2.jar;C:\\Users\\kkang\\.gradle\\caches\\modules-2\\files-2.1\\org.yaml\\snakeyaml\\1.23\\ec62d74fe50689c28c0ff5b35d3aebcaa8b5be68\\snakeyaml-1.23.jar;C:\\Users\\kkang\\.gradle\\caches\\modules-2\\files-2.1\\com.fasterxml.jackson.datatype\\jackson-datatype-jdk8\\2.9.9\\4b04126963103216c9c43b0f34bbc36315654204\\jackson-datatype-jdk8-2.9.9.jar;C:\\Users\\kkang\\.gradle\\caches\\modules-2\\files-2.1\\com.fasterxml.jackson.datatype\\jackson-datatype-jsr310\\2.9.9\\a33df137557793b0404a486888dbe049f7abeeeb\\jackson-datatype-jsr310-2.9.9.jar;C:\\Users\\kkang\\.gradle\\caches\\modules-2\\files-2.1\\com.fasterxml.jackson.module\\jackson-module-parameter-names\\2.9.9\\a92facb55a2538e7b2fe14294570a18b823ad431\\jackson-module-parameter-names-2.9.9.jar;C:\\Users\\kkang\\.gradle\\caches\\modules-2\\files-2.1\\com.fasterxml.jackson.core\\jackson-databind\\2.9.9\\d6eb9817d9c7289a91f043ac5ee02a6b3cc86238\\jackson-databind-2.9.9.jar;C:\\Users\\kkang\\.gradle\\caches\\modules-2\\files-2.1\\org.apache.tomcat.embed\\tomcat-embed-websocket\\9.0.22\\45974d3443cc15ad9d10239d762d5e15759e6364\\tomcat-embed-websocket-9.0.22.jar;C:\\Users\\kkang\\.gradle\\caches\\modules-2\\files-2.1\\org.apache.tomcat.embed\\tomcat-embed-core\\9.0.22\\79f39903498b28adacb18fe2ea046edd306295a6\\tomcat-embed-core-9.0.22.jar;C:\\Users\\kkang\\.gradle\\caches\\modules-2\\files-2.1\\org.apache.tomcat.embed\\tomcat-embed-el\\9.0.22\\4da4b778b635a7e78ca7cd7288253e2e47b88a9f\\tomcat-embed-el-9.0.22.jar;C:\\Users\\kkang\\.gradle\\caches\\modules-2\\files-2.1\\javax.validation\\validation-api\\2.0.1.Final\\cb855558e6271b1b32e716d24cb85c7f583ce09e\\validation-api-2.0.1.Final.jar;C:\\Users\\kkang\\.gradle\\caches\\modules-2\\files-2.1\\org.hibernate.common\\hibernate-commons-annotations\\5.0.4.Final\\965a18fdf939ee75e41f7918532d37b3a8350535\\hibernate-commons-annotations-5.0.4.Final.jar;C:\\Users\\kkang\\.gradle\\caches\\modules-2\\files-2.1\\org.jboss.logging\\jboss-logging\\3.3.2.Final\\3789d00e859632e6c6206adc0c71625559e6e3b0\\jboss-logging-3.3.2.Final.jar;C:\\Users\\kkang\\.gradle\\caches\\modules-2\\files-2.1\\com.fasterxml\\classmate\\1.4.0\\291658ac2ce2476256c7115943652c0accb5c857\\classmate-1.4.0.jar;C:\\Users\\kkang\\.gradle\\caches\\modules-2\\files-2.1\\org.aspectj\\aspectjweaver\\1.9.4\\9205229878f3d62fbd3a32a0fb6be2d6ad8589a9\\aspectjweaver-1.9.4.jar;C:\\Users\\kkang\\.gradle\\caches\\modules-2\\files-2.1\\com.zaxxer\\HikariCP\\3.2.0\\6c66db1c636ee90beb4c65fe34abd8ba9396bca6\\HikariCP-3.2.0.jar;C:\\Users\\kkang\\.gradle\\caches\\modules-2\\files-2.1\\javax.activation\\javax.activation-api\\1.2.0\\85262acf3ca9816f9537ca47d5adeabaead7cb16\\javax.activation-api-1.2.0.jar;C:\\Users\\kkang\\.gradle\\caches\\modules-2\\files-2.1\\javax.persistence\\javax.persistence-api\\2.2\\25665ac8c0b62f50e6488173233239120fc52c96\\javax.persistence-api-2.2.jar;C:\\Users\\kkang\\.gradle\\caches\\modules-2\\files-2.1\\org.javassist\\javassist\\3.23.2-GA\\c5afe660a95e87ceb518e4f5cf02f5c56b547683\\javassist-3.23.2-GA.jar;C:\\Users\\kkang\\.gradle\\caches\\modules-2\\files-2.1\\net.bytebuddy\\byte-buddy\\1.9.16\\e7d63009be7b87ff1f15b72e5b8c59c897a8d8bd\\byte-buddy-1.9.16.jar;C:\\Users\\kkang\\.gradle\\caches\\modules-2\\files-2.1\\antlr\\antlr\\2.7.7\\83cd2cd674a217ade95a4bb83a8a14f351f48bd0\\antlr-2.7.7.jar;C:\\Users\\kkang\\.gradle\\caches\\modules-2\\files-2.1\\org.jboss\\jandex\\2.0.5.Final\\7060f67764565b9ee9d467e3ed0cb8a9c601b23a\\jandex-2.0.5.Final.jar;C:\\Users\\kkang\\.gradle\\caches\\modules-2\\files-2.1\\org.dom4j\\dom4j\\2.1.1\\3dce5dbb3571aa820c677fadd8349bfa8f00c199\\dom4j-2.1.1.jar;C:\\Users\\kkang\\.gradle\\caches\\modules-2\\files-2.1\\org.slf4j\\slf4j-api\\1.7.26\\77100a62c2e6f04b53977b9f541044d7d722693d\\slf4j-api-1.7.26.jar;C:\\Users\\kkang\\.gradle\\caches\\modules-2\\files-2.1\\com.nimbusds\\oauth2-oidc-sdk\\6.0\\e731f0b62727a46ae6d6fded62b5678d28273c3c\\oauth2-oidc-sdk-6.0.jar;C:\\Users\\kkang\\.gradle\\caches\\modules-2\\files-2.1\\com.nimbusds\\nimbus-jose-jwt\\6.0.2\\81605278e5df1cf4c3774851649b85cade077fa5\\nimbus-jose-jwt-6.0.2.jar;C:\\Users\\kkang\\.gradle\\caches\\modules-2\\files-2.1\\org.apache.logging.log4j\\log4j-api\\2.11.2\\f5e9a2ffca496057d6891a3de65128efc636e26e\\log4j-api-2.11.2.jar;C:\\Users\\kkang\\.gradle\\caches\\modules-2\\files-2.1\\org.springframework\\spring-jcl\\5.1.9.RELEASE\\7c372790c999777d20f364960cf557dd74f890cf\\spring-jcl-5.1.9.RELEASE.jar;C:\\Users\\kkang\\.gradle\\caches\\modules-2\\files-2.1\\net.minidev\\json-smart\\2.3\\7396407491352ce4fa30de92efb158adb76b5b\\json-smart-2.3.jar;C:\\Users\\kkang\\.gradle\\caches\\modules-2\\files-2.1\\net.bytebuddy\\byte-buddy-agent\\1.9.16\\fd213511a0a845632456f636e576d24c2d6ac3bc\\byte-buddy-agent-1.9.16.jar;C:\\Users\\kkang\\.gradle\\caches\\modules-2\\files-2.1\\org.objenesis\\objenesis\\2.6\\639033469776fd37c08358c6b92a4761feb2af4b\\objenesis-2.6.jar;C:\\Users\\kkang\\.gradle\\caches\\modules-2\\files-2.1\\com.vaadin.external.google\\android-json\\0.0.20131108.vaadin1\\fa26d351fe62a6a17f5cda1287c1c6110dec413f\\android-json-0.0.20131108.vaadin1.jar;C:\\Users\\kkang\\.gradle\\caches\\modules-2\\files-2.1\\com.fasterxml.jackson.core\\jackson-annotations\\2.9.0\\7c10d545325e3a6e72e06381afe469fd40eb701\\jackson-annotations-2.9.0.jar;C:\\Users\\kkang\\.gradle\\caches\\modules-2\\files-2.1\\com.fasterxml.jackson.core\\jackson-core\\2.9.9\\bfff5af9fb8347d26bbb7959cb9b4fe9a2b0ca5e\\jackson-core-2.9.9.jar;C:\\Users\\kkang\\.gradle\\caches\\modules-2\\files-2.1\\com.sun.mail\\javax.mail\\1.6.2\\935151eb71beff17a2ffac15dd80184a99a0514f\\javax.mail-1.6.2.jar;C:\\Users\\kkang\\.gradle\\caches\\modules-2\\files-2.1\\com.github.stephenc.jcip\\jcip-annotations\\1.0-1\\ef31541dd28ae2cefdd17c7ebf352d93e9058c63\\jcip-annotations-1.0-1.jar;C:\\Users\\kkang\\.gradle\\caches\\modules-2\\files-2.1\\com.nimbusds\\lang-tag\\1.7\\97c73ecd70bc7e8eefb26c5eea84f251a63f1031\\lang-tag-1.7.jar;C:\\Users\\kkang\\.gradle\\caches\\modules-2\\files-2.1\\net.minidev\\accessors-smart\\1.2\\c592b500269bfde36096641b01238a8350f8aa31\\accessors-smart-1.2.jar;C:\\Users\\kkang\\.gradle\\caches\\modules-2\\files-2.1\\javax.activation\\activation\\1.1\\e6cb541461c2834bdea3eb920f1884d1eb508b50\\activation-1.1.jar;C:\\Users\\kkang\\.gradle\\caches\\modules-2\\files-2.1\\org.ow2.asm\\asm\\5.0.4\\da08b8cce7bbf903602a25a3a163ae252435795\\asm-5.0.4.jar, java.vm.vendor=Oracle Corporation, sun.arch.data.model=64, user.variant=, java.vendor.url=https://openjdk.java.net/, user.timezone=Asia/Seoul, os.name=Windows 10, java.vm.specification.version=11, javax.persistence.validation.mode=AUTO, user.country=KR, sun.java.launcher=SUN_STANDARD, sun.boot.library.path=C:\Program Files\Java\jdk-11.0.12\bin, sun.java.command=worker.org.gradle.process.internal.worker.GradleWorkerMain 'Gradle Test Executor 10', hibernate.transaction.jta.platform=org.hibernate.engine.transaction.jta.platform.internal.NoJtaPlatform@30bfdcc5, javax.persistence.sharedCache.mode=UNSPECIFIED, jdk.debug=release, sun.cpu.endian=little, user.home=C:\Users\kkang, user.language=ko, java.specification.vendor=Oracle Corporation, org.gradle.native=false, java.version.date=2021-07-20, java.home=C:\Program Files\Java\jdk-11.0.12, file.separator=\, java.vm.compressedOopsMode=32-bit, line.separator=
[...]
2022-08-14T22:57:56.028+0900 DEBUG Retrieved ApplicationContext from cache with key [[WebMergedContextConfiguration@7be7c052 testClass = PostsRepositoryTest, locations = '{}', classes = '{class com.jojoldu.book.springboot.Application}', contextInitializerClasses = '[]', activeProfiles = '{}', propertySourceLocations = '{}', propertySourceProperties = '{org.springframework.boot.test.context.SpringBootTestContextBootstrapper=true}', contextCustomizers = set[org.springframework.boot.test.autoconfigure.properties.PropertyMappingContextCustomizer@0, org.springframework.boot.test.autoconfigure.web.servlet.WebDriverContextCustomizerFactory$Customizer@27cbfddf, org.springframework.boot.test.context.filter.ExcludeFilterContextCustomizer@4cee7fa0, org.springframework.boot.test.json.DuplicateJsonObjectContextCustomizerFactory$DuplicateJsonObjectContextCustomizer@7180e701, org.springframework.boot.test.mock.mockito.MockitoContextCustomizer@0, org.springframework.boot.test.web.client.TestRestTemplateContextCustomizer@8ef1d58], resourceBasePath = 'src/main/webapp', contextLoader = 'org.springframework.boot.test.context.SpringBootContextLoader', parent = [null]]]
2022-08-14T22:57:56.028+0900 DEBUG Spring test ApplicationContext cache statistics: [DefaultContextCache@3a861417 size = 2, maxSize = 32, parentContextCount = 0, hitCount = 22, missCount = 2]
2022-08-14T22:57:56.029+0900 DEBUG Creating new transaction with name [org.springframework.data.jpa.repository.support.SimpleJpaRepository.save]: PROPAGATION_REQUIRED,ISOLATION_DEFAULT
2022-08-14T22:57:56.029+0900 DEBUG Opened new EntityManager [SessionImpl(589123865<open>)] for JPA transaction
2022-08-14T22:57:56.029+0900 DEBUG On TransactionImpl creation, JpaCompliance#isJpaTransactionComplianceEnabled == false
2022-08-14T22:57:56.029+0900 DEBUG begin
2022-08-14T22:57:56.029+0900 DEBUG Exposing JPA transaction as JDBC [org.springframework.orm.jpa.vendor.HibernateJpaDialect$HibernateConnectionHandle@79cfc008]
2022-08-14T22:57:56.030+0900 DEBUG Touched com.jojoldu.book.springboot.domain.posts.Posts@1ea482b4 - Last modification at 2022-08-14T22:57:56.030664200 by unknown
2022-08-14T22:57:56.030+0900 DEBUG Executing identity-insert immediately
2022-08-14T22:57:56.030+0900 DEBUG insert into posts (created_date, modified_date, author, content, title) values (?, ?, ?, ?, ?)
Hibernate: insert into posts (created_date, modified_date, author, content, title) values (?, ?, ?, ?, ?)
2022-08-14T22:57:56.031+0900 DEBUG Natively generated identity: 2
2022-08-14T22:57:56.031+0900 DEBUG HHH000387: ResultSet's statement was not registered
2022-08-14T22:57:56.031+0900 DEBUG Initiating transaction commit
2022-08-14T22:57:56.031+0900 DEBUG Committing JPA transaction on EntityManager [SessionImpl(589123865<open>)]
2022-08-14T22:57:56.031+0900 DEBUG committing
2022-08-14T22:57:56.031+0900 DEBUG Processing flush-time cascades
2022-08-14T22:57:56.031+0900 DEBUG Dirty checking collections
2022-08-14T22:57:56.032+0900 DEBUG Flushed: 0 insertions, 0 updates, 0 deletions to 1 objects
2022-08-14T22:57:56.032+0900 DEBUG Flushed: 0 (re)creations, 0 updates, 0 removals to 0 collections
2022-08-14T22:57:56.032+0900 DEBUG Listing entities:
2022-08-14T22:57:56.032+0900 DEBUG com.jojoldu.book.springboot.domain.posts.Posts{createdDate=2022-08-14T22:57:56.030664200, author=author, modifiedDate=2022-08-14T22:57:56.030664200, id=2, title=title, content=content}
2022-08-14T22:57:56.032+0900 DEBUG Closing JPA EntityManager [SessionImpl(589123865<open>)] after transaction
2022-08-14T22:57:56.032+0900 DEBUG Creating new transaction with name [org.springframework.data.jpa.repository.support.SimpleJpaRepository.findAll]: PROPAGATION_REQUIRED,ISOLATION_DEFAULT,readOnly
2022-08-14T22:57:56.033+0900 DEBUG Opened new EntityManager [SessionImpl(924483541<open>)] for JPA transaction
2022-08-14T22:57:56.033+0900 DEBUG Setting JDBC Connection [HikariProxyConnection@255974271 wrapping conn0: url=jdbc:h2:mem:testdb user=SA] read-only
2022-08-14T22:57:56.033+0900 DEBUG On TransactionImpl creation, JpaCompliance#isJpaTransactionComplianceEnabled == false
2022-08-14T22:57:56.033+0900 DEBUG begin
2022-08-14T22:57:56.033+0900 DEBUG Exposing JPA transaction as JDBC [org.springframework.orm.jpa.vendor.HibernateJpaDialect$HibernateConnectionHandle@4df8f4e9]
2022-08-14T22:57:56.033+0900 DEBUG Rendered criteria query -> select generatedAlias0 from Posts as generatedAlias0
2022-08-14T22:57:56.033+0900 DEBUG select posts0_.id as id1_0_, posts0_.created_date as created_2_0_, posts0_.modified_date as modified3_0_, posts0_.author as author4_0_, posts0_.content as content5_0_, posts0_.title as title6_0_ from posts posts0_
Hibernate: select posts0_.id as id1_0_, posts0_.created_date as created_2_0_, posts0_.modified_date as modified3_0_, posts0_.author as author4_0_, posts0_.content as content5_0_, posts0_.title as title6_0_ from posts posts0_
2022-08-14T22:57:56.034+0900 DEBUG Result set row: 0
2022-08-14T22:57:56.034+0900 DEBUG Result row: EntityKey[com.jojoldu.book.springboot.domain.posts.Posts#2]
2022-08-14T22:57:56.034+0900 DEBUG Resolving associations for [com.jojoldu.book.springboot.domain.posts.Posts#2]
2022-08-14T22:57:56.034+0900 DEBUG Done materializing entity [com.jojoldu.book.springboot.domain.posts.Posts#2]
2022-08-14T22:57:56.035+0900 DEBUG Initiating transaction commit
2022-08-14T22:57:56.035+0900 DEBUG Committing JPA transaction on EntityManager [SessionImpl(924483541<open>)]
2022-08-14T22:57:56.035+0900 DEBUG committing
2022-08-14T22:57:56.035+0900 DEBUG Closing JPA EntityManager [SessionImpl(924483541<open>)] after transaction
2022-08-14T22:57:56.035+0900 DEBUG HikariPool-1 - Reset (readOnly) on connection conn0: url=jdbc:h2:mem:testdb user=SA
>>>>>>>>> createdDate=2022-08-14T22:57:56.030664, modifiedDate=2022-08-14T22:57:56.030664
2022-08-14T22:57:56.036+0900 DEBUG Creating new transaction with name [org.springframework.data.jpa.repository.support.SimpleJpaRepository.deleteAll]: PROPAGATION_REQUIRED,ISOLATION_DEFAULT
2022-08-14T22:57:56.036+0900 DEBUG Opened new EntityManager [SessionImpl(1480162798<open>)] for JPA transaction
2022-08-14T22:57:56.036+0900 DEBUG On TransactionImpl creation, JpaCompliance#isJpaTransactionComplianceEnabled == false
2022-08-14T22:57:56.036+0900 DEBUG begin
2022-08-14T22:57:56.036+0900 DEBUG Exposing JPA transaction as JDBC [org.springframework.orm.jpa.vendor.HibernateJpaDialect$HibernateConnectionHandle@4164ab12]
2022-08-14T22:57:56.036+0900 DEBUG Rendered criteria query -> select generatedAlias0 from Posts as generatedAlias0
2022-08-14T22:57:56.037+0900 DEBUG select posts0_.id as id1_0_, posts0_.created_date as created_2_0_, posts0_.modified_date as modified3_0_, posts0_.author as author4_0_, posts0_.content as content5_0_, posts0_.title as title6_0_ from posts posts0_
Hibernate: select posts0_.id as id1_0_, posts0_.created_date as created_2_0_, posts0_.modified_date as modified3_0_, posts0_.author as author4_0_, posts0_.content as content5_0_, posts0_.title as title6_0_ from posts posts0_
2022-08-14T22:57:56.037+0900 DEBUG Result set row: 0
2022-08-14T22:57:56.037+0900 DEBUG Result row: EntityKey[com.jojoldu.book.springboot.domain.posts.Posts#2]
2022-08-14T22:57:56.037+0900 DEBUG Resolving associations for [com.jojoldu.book.springboot.domain.posts.Posts#2]
2022-08-14T22:57:56.038+0900 DEBUG Done materializing entity [com.jojoldu.book.springboot.domain.posts.Posts#2]
2022-08-14T22:57:56.038+0900 DEBUG Initiating transaction commit
2022-08-14T22:57:56.038+0900 DEBUG Committing JPA transaction on EntityManager [SessionImpl(1480162798<open>)]
2022-08-14T22:57:56.038+0900 DEBUG committing
2022-08-14T22:57:56.038+0900 DEBUG Processing flush-time cascades
2022-08-14T22:57:56.038+0900 DEBUG Dirty checking collections
2022-08-14T22:57:56.038+0900 DEBUG Flushed: 0 insertions, 0 updates, 1 deletions to 1 objects
2022-08-14T22:57:56.038+0900 DEBUG Flushed: 0 (re)creations, 0 updates, 0 removals to 0 collections
2022-08-14T22:57:56.038+0900 DEBUG Listing entities:
2022-08-14T22:57:56.038+0900 DEBUG com.jojoldu.book.springboot.domain.posts.Posts{createdDate=2022-08-14T22:57:56.030664, author=author, modifiedDate=2022-08-14T22:57:56.030664, id=2, title=title, content=content}
2022-08-14T22:57:56.038+0900 DEBUG delete from posts where id=?
Hibernate: delete from posts where id=?
2022-08-14T22:57:56.039+0900 DEBUG Closing JPA EntityManager [SessionImpl(1480162798<open>)] after transaction
2022-08-14T22:57:56.039+0900 DEBUG HHH000420: Closing un-released batch
2022-08-14T22:57:56.039+0900 DEBUG Retrieved ApplicationContext from cache with key [[WebMergedContextConfiguration@7be7c052 testClass = PostsRepositoryTest, locations = '{}', classes = '{class com.jojoldu.book.springboot.Application}', contextInitializerClasses = '[]', activeProfiles = '{}', propertySourceLocations = '{}', propertySourceProperties = '{org.springframework.boot.test.context.SpringBootTestContextBootstrapper=true}', contextCustomizers = set[org.springframework.boot.test.autoconfigure.properties.PropertyMappingContextCustomizer@0, org.springframework.boot.test.autoconfigure.web.servlet.WebDriverContextCustomizerFactory$Customizer@27cbfddf, org.springframework.boot.test.context.filter.ExcludeFilterContextCustomizer@4cee7fa0, org.springframework.boot.test.json.DuplicateJsonObjectContextCustomizerFactory$DuplicateJsonObjectContextCustomizer@7180e701, org.springframework.boot.test.mock.mockito.MockitoContextCustomizer@0, org.springframework.boot.test.web.client.TestRestTemplateContextCustomizer@8ef1d58], resourceBasePath = 'src/main/webapp', contextLoader = 'org.springframework.boot.test.context.SpringBootContextLoader', parent = [null]]]
2022-08-14T22:57:56.040+0900 DEBUG Spring test ApplicationContext cache statistics: [DefaultContextCache@3a861417 size = 2, maxSize = 32, parentContextCount = 0, hitCount = 23, missCount = 2]
2022-08-14T22:57:56.040+0900 DEBUG Retrieved ApplicationContext from cache with key [[WebMergedContextConfiguration@7be7c052 testClass = PostsRepositoryTest, locations = '{}', classes = '{class com.jojoldu.book.springboot.Application}', contextInitializerClasses = '[]', activeProfiles = '{}', propertySourceLocations = '{}', propertySourceProperties = '{org.springframework.boot.test.context.SpringBootTestContextBootstrapper=true}', contextCustomizers = set[org.springframework.boot.test.autoconfigure.properties.PropertyMappingContextCustomizer@0, org.springframework.boot.test.autoconfigure.web.servlet.WebDriverContextCustomizerFactory$Customizer@27cbfddf, org.springframework.boot.test.context.filter.ExcludeFilterContextCustomizer@4cee7fa0, org.springframework.boot.test.json.DuplicateJsonObjectContextCustomizerFactory$DuplicateJsonObjectContextCustomizer@7180e701, org.springframework.boot.test.mock.mockito.MockitoContextCustomizer@0, org.springframework.boot.test.web.client.TestRestTemplateContextCustomizer@8ef1d58], resourceBasePath = 'src/main/webapp', contextLoader = 'org.springframework.boot.test.context.SpringBootContextLoader', parent = [null]]]
2022-08-14T22:57:56.040+0900 DEBUG Spring test ApplicationContext cache statistics: [DefaultContextCache@3a861417 size = 2, maxSize = 32, parentContextCount = 0, hitCount = 24, missCount = 2]
2022-08-14T22:57:56.040+0900 DEBUG Retrieved ApplicationContext from cache with key [[WebMergedContextConfiguration@7be7c052 testClass = PostsRepositoryTest, locations = '{}', classes = '{class com.jojoldu.book.springboot.Application}', contextInitializerClasses = '[]', activeProfiles = '{}', propertySourceLocations = '{}', propertySourceProperties = '{org.springframework.boot.test.context.SpringBootTestContextBootstrapper=true}', contextCustomizers = set[org.springframework.boot.test.autoconfigure.properties.PropertyMappingContextCustomizer@0, org.springframework.boot.test.autoconfigure.web.servlet.WebDriverContextCustomizerFactory$Customizer@27cbfddf, org.springframework.boot.test.context.filter.ExcludeFilterContextCustomizer@4cee7fa0, org.springframework.boot.test.json.DuplicateJsonObjectContextCustomizerFactory$DuplicateJsonObjectContextCustomizer@7180e701, org.springframework.boot.test.mock.mockito.MockitoContextCustomizer@0, org.springframework.boot.test.web.client.TestRestTemplateContextCustomizer@8ef1d58], resourceBasePath = 'src/main/webapp', contextLoader = 'org.springframework.boot.test.context.SpringBootContextLoader', parent = [null]]]
2022-08-14T22:57:56.040+0900 DEBUG Spring test ApplicationContext cache statistics: [DefaultContextCache@3a861417 size = 2, maxSize = 32, parentContextCount = 0, hitCount = 25, missCount = 2]
2022-08-14T22:57:56.041+0900 DEBUG Retrieved ApplicationContext from cache with key [[WebMergedContextConfiguration@7be7c052 testClass = PostsRepositoryTest, locations = '{}', classes = '{class com.jojoldu.book.springboot.Application}', contextInitializerClasses = '[]', activeProfiles = '{}', propertySourceLocations = '{}', propertySourceProperties = '{org.springframework.boot.test.context.SpringBootTestContextBootstrapper=true}', contextCustomizers = set[org.springframework.boot.test.autoconfigure.properties.PropertyMappingContextCustomizer@0, org.springframework.boot.test.autoconfigure.web.servlet.WebDriverContextCustomizerFactory$Customizer@27cbfddf, org.springframework.boot.test.context.filter.ExcludeFilterContextCustomizer@4cee7fa0, org.springframework.boot.test.json.DuplicateJsonObjectContextCustomizerFactory$DuplicateJsonObjectContextCustomizer@7180e701, org.springframework.boot.test.mock.mockito.MockitoContextCustomizer@0, org.springframework.boot.test.web.client.TestRestTemplateContextCustomizer@8ef1d58], resourceBasePath = 'src/main/webapp', contextLoader = 'org.springframework.boot.test.context.SpringBootContextLoader', parent = [null]]]
2022-08-14T22:57:56.041+0900 DEBUG Spring test ApplicationContext cache statistics: [DefaultContextCache@3a861417 size = 2, maxSize = 32, parentContextCount = 0, hitCount = 26, missCount = 2]
2022-08-14T22:57:56.043+0900 DEBUG After test method: context [DefaultTestContext@37caecda testClass = PostsRepositoryTest, testInstance = com.jojoldu.book.springboot.domain.PostsRepositoryTest@557fe039, testMethod = BaseTimeEntity_등록@PostsRepositoryTest, testException = [null], mergedContextConfiguration = [WebMergedContextConfiguration@7be7c052 testClass = PostsRepositoryTest, locations = '{}', classes = '{class com.jojoldu.book.springboot.Application}', contextInitializerClasses = '[]', activeProfiles = '{}', propertySourceLocations = '{}', propertySourceProperties = '{org.springframework.boot.test.context.SpringBootTestContextBootstrapper=true}', contextCustomizers = set[org.springframework.boot.test.autoconfigure.properties.PropertyMappingContextCustomizer@0, org.springframework.boot.test.autoconfigure.web.servlet.WebDriverContextCustomizerFactory$Customizer@27cbfddf, org.springframework.boot.test.context.filter.ExcludeFilterContextCustomizer@4cee7fa0, org.springframework.boot.test.json.DuplicateJsonObjectContextCustomizerFactory$DuplicateJsonObjectContextCustomizer@7180e701, org.springframework.boot.test.mock.mockito.MockitoContextCustomizer@0, org.springframework.boot.test.web.client.TestRestTemplateContextCustomizer@8ef1d58], resourceBasePath = 'src/main/webapp', contextLoader = 'org.springframework.boot.test.context.SpringBootContextLoader', parent = [null]], attributes = map['org.springframework.test.context.web.ServletTestExecutionListener.activateListener' -> true, 'org.springframework.test.context.web.ServletTestExecutionListener.populatedRequestContextHolder' -> true, 'org.springframework.test.context.web.ServletTestExecutionListener.resetRequestContextHolder' -> true]], class annotated with @DirtiesContext [false] with mode [null], method annotated with @DirtiesContext [false] with mode [null].
2022-08-14T22:57:56.044+0900 DEBUG Resetting RequestContextHolder for test context [DefaultTestContext@37caecda testClass = PostsRepositoryTest, testInstance = com.jojoldu.book.springboot.domain.PostsRepositoryTest@557fe039, testMethod = BaseTimeEntity_등록@PostsRepositoryTest, testException = [null], mergedContextConfiguration = [WebMergedContextConfiguration@7be7c052 testClass = PostsRepositoryTest, locations = '{}', classes = '{class com.jojoldu.book.springboot.Application}', contextInitializerClasses = '[]', activeProfiles = '{}', propertySourceLocations = '{}', propertySourceProperties = '{org.springframework.boot.test.context.SpringBootTestContextBootstrapper=true}', contextCustomizers = set[org.springframework.boot.test.autoconfigure.properties.PropertyMappingContextCustomizer@0, org.springframework.boot.test.autoconfigure.web.servlet.WebDriverContextCustomizerFactory$Customizer@27cbfddf, org.springframework.boot.test.context.filter.ExcludeFilterContextCustomizer@4cee7fa0, org.springframework.boot.test.json.DuplicateJsonObjectContextCustomizerFactory$DuplicateJsonObjectContextCustomizer@7180e701, org.springframework.boot.test.mock.mockito.MockitoContextCustomizer@0, org.springframework.boot.test.web.client.TestRestTemplateContextCustomizer@8ef1d58], resourceBasePath = 'src/main/webapp', contextLoader = 'org.springframework.boot.test.context.SpringBootContextLoader', parent = [null]], attributes = map['org.springframework.test.context.web.ServletTestExecutionListener.activateListener' -> true, 'org.springframework.test.context.web.ServletTestExecutionListener.populatedRequestContextHolder' -> true, 'org.springframework.test.context.web.ServletTestExecutionListener.resetRequestContextHolder' -> true]].
2022-08-14T22:57:56.044+0900 DEBUG After test class: context [DefaultTestContext@37caecda testClass = PostsRepositoryTest, testInstance = [null], testMethod = [null], testException = [null], mergedContextConfiguration = [WebMergedContextConfiguration@7be7c052 testClass = PostsRepositoryTest, locations = '{}', classes = '{class com.jojoldu.book.springboot.Application}', contextInitializerClasses = '[]', activeProfiles = '{}', propertySourceLocations = '{}', propertySourceProperties = '{org.springframework.boot.test.context.SpringBootTestContextBootstrapper=true}', contextCustomizers = set[org.springframework.boot.test.autoconfigure.properties.PropertyMappingContextCustomizer@0, org.springframework.boot.test.autoconfigure.web.servlet.WebDriverContextCustomizerFactory$Customizer@27cbfddf, org.springframework.boot.test.context.filter.ExcludeFilterContextCustomizer@4cee7fa0, org.springframework.boot.test.json.DuplicateJsonObjectContextCustomizerFactory$DuplicateJsonObjectContextCustomizer@7180e701, org.springframework.boot.test.mock.mockito.MockitoContextCustomizer@0, org.springframework.boot.test.web.client.TestRestTemplateContextCustomizer@8ef1d58], resourceBasePath = 'src/main/webapp', contextLoader = 'org.springframework.boot.test.context.SpringBootContextLoader', parent = [null]], attributes = map['org.springframework.test.context.web.ServletTestExecutionListener.activateListener' -> true, 'org.springframework.test.context.support.DependencyInjectionTestExecutionListener.reinjectDependencies' -> true]], class annotated with @DirtiesContext [false] with mode [null].
]]></system-out>
  <system-err><![CDATA[]]></system-err>
</testsuite>
